{"D:\\codes\\angular-task-manager\\node-backend-qa\\src\\index.ts": {"path":"D:\\codes\\angular-task-manager\\node-backend-qa\\src\\index.ts","statementMap":{"0":{"start":{"line":1,"column":0},"end":{"line":1,"column":42}},"1":{"start":{"line":2,"column":0},"end":{"line":2,"column":27}},"2":{"start":{"line":4,"column":13},"end":{"line":4,"column":63}},"3":{"start":{"line":6,"column":0},"end":{"line":9,"column":3}},"4":{"start":{"line":10,"column":0},"end":{"line":10,"column":63}}},"fnMap":{},"branchMap":{"0":{"loc":{"start":{"line":4,"column":13},"end":{"line":4,"column":63}},"type":"cond-expr","locations":[{"start":{"line":4,"column":32},"end":{"line":4,"column":56}},{"start":{"line":4,"column":59},"end":{"line":4,"column":63}}]}},"s":{"0":0,"1":0,"2":0,"3":0,"4":0},"f":{},"b":{"0":[0,0]}}
,"D:\\codes\\angular-task-manager\\node-backend-qa\\src\\server.ts": {"path":"D:\\codes\\angular-task-manager\\node-backend-qa\\src\\server.ts","statementMap":{"0":{"start":{"line":1,"column":0},"end":{"line":1,"column":28}},"1":{"start":{"line":2,"column":0},"end":{"line":2,"column":23}},"2":{"start":{"line":3,"column":0},"end":{"line":3,"column":42}},"3":{"start":{"line":4,"column":0},"end":{"line":4,"column":33}},"4":{"start":{"line":6,"column":0},"end":{"line":6,"column":28}},"5":{"start":{"line":7,"column":0},"end":{"line":7,"column":45}},"6":{"start":{"line":8,"column":0},"end":{"line":8,"column":45}},"7":{"start":{"line":9,"column":0},"end":{"line":9,"column":59}},"8":{"start":{"line":10,"column":0},"end":{"line":10,"column":46}},"9":{"start":{"line":11,"column":0},"end":{"line":11,"column":76}},"10":{"start":{"line":16,"column":12},"end":{"line":16,"column":22}},"11":{"start":{"line":19,"column":0},"end":{"line":19,"column":21}},"12":{"start":{"line":20,"column":0},"end":{"line":24,"column":4}},"13":{"start":{"line":27,"column":0},"end":{"line":27,"column":35}},"14":{"start":{"line":28,"column":0},"end":{"line":28,"column":38}},"15":{"start":{"line":31,"column":0},"end":{"line":31,"column":36}},"16":{"start":{"line":32,"column":0},"end":{"line":32,"column":35}},"17":{"start":{"line":33,"column":0},"end":{"line":33,"column":37}},"18":{"start":{"line":36,"column":0},"end":{"line":36,"column":27}},"19":{"start":{"line":37,"column":0},"end":{"line":37,"column":27}},"20":{"start":{"line":38,"column":0},"end":{"line":38,"column":31}},"21":{"start":{"line":41,"column":0},"end":{"line":49,"column":3}},"22":{"start":{"line":42,"column":2},"end":{"line":42,"column":50}},"23":{"start":{"line":43,"column":2},"end":{"line":43,"column":27}},"24":{"start":{"line":45,"column":2},"end":{"line":48,"column":10}},"25":{"start":{"line":52,"column":0},"end":{"line":57,"column":3}},"26":{"start":{"line":53,"column":2},"end":{"line":56,"column":10}},"27":{"start":{"line":60,"column":0},"end":{"line":68,"column":3}},"28":{"start":{"line":67,"column":2},"end":{"line":67,"column":50}},"29":{"start":{"line":69,"column":0},"end":{"line":77,"column":3}},"30":{"start":{"line":70,"column":2},"end":{"line":70,"column":50}},"31":{"start":{"line":71,"column":2},"end":{"line":71,"column":27}},"32":{"start":{"line":72,"column":2},"end":{"line":76,"column":10}},"33":{"start":{"line":79,"column":13},"end":{"line":79,"column":63}},"34":{"start":{"line":80,"column":0},"end":{"line":80,"column":54}},"35":{"start":{"line":81,"column":0},"end":{"line":81,"column":49}},"36":{"start":{"line":84,"column":0},"end":{"line":89,"column":1}},"37":{"start":{"line":85,"column":2},"end":{"line":88,"column":5}},"38":{"start":{"line":91,"column":0},"end":{"line":91,"column":19}}},"fnMap":{"0":{"name":"(anonymous_1)","decl":{"start":{"line":41,"column":12},"end":{"line":41,"column":13}},"loc":{"start":{"line":41,"column":23},"end":{"line":49,"column":1}}},"1":{"name":"(anonymous_2)","decl":{"start":{"line":52,"column":13},"end":{"line":52,"column":14}},"loc":{"start":{"line":52,"column":19},"end":{"line":57,"column":1}}},"2":{"name":"(anonymous_3)","decl":{"start":{"line":60,"column":13},"end":{"line":60,"column":18}},"loc":{"start":{"line":60,"column":25},"end":{"line":68,"column":1}}},"3":{"name":"(anonymous_4)","decl":{"start":{"line":69,"column":12},"end":{"line":69,"column":13}},"loc":{"start":{"line":69,"column":23},"end":{"line":77,"column":1}}}},"branchMap":{"0":{"loc":{"start":{"line":47,"column":13},"end":{"line":47,"column":90}},"type":"cond-expr","locations":[{"start":{"line":47,"column":54},"end":{"line":47,"column":65}},{"start":{"line":47,"column":68},"end":{"line":47,"column":90}}]},"1":{"loc":{"start":{"line":79,"column":13},"end":{"line":79,"column":63}},"type":"cond-expr","locations":[{"start":{"line":79,"column":32},"end":{"line":79,"column":56}},{"start":{"line":79,"column":59},"end":{"line":79,"column":63}}]},"2":{"loc":{"start":{"line":84,"column":0},"end":{"line":89,"column":1}},"type":"if","locations":[{"start":{"line":84,"column":0},"end":{"line":89,"column":1}},{"start":{},"end":{}}]}},"s":{"0":3,"1":3,"2":3,"3":3,"4":3,"5":3,"6":3,"7":3,"8":3,"9":3,"10":3,"11":3,"12":3,"13":3,"14":3,"15":3,"16":3,"17":3,"18":3,"19":3,"20":3,"21":3,"22":0,"23":0,"24":0,"25":3,"26":0,"27":3,"28":0,"29":3,"30":0,"31":0,"32":0,"33":3,"34":3,"35":3,"36":3,"37":0,"38":3},"f":{"0":0,"1":0,"2":0,"3":0},"b":{"0":[0,0],"1":[0,3],"2":[0,3]}}
,"D:\\codes\\angular-task-manager\\node-backend-qa\\src\\auth\\auth.controllers.ts": {"path":"D:\\codes\\angular-task-manager\\node-backend-qa\\src\\auth\\auth.controllers.ts","statementMap":{"0":{"start":{"line":1,"column":0},"end":{"line":1,"column":75}},"1":{"start":{"line":2,"column":0},"end":{"line":2,"column":46}},"2":{"start":{"line":3,"column":0},"end":{"line":3,"column":50}},"3":{"start":{"line":5,"column":20},"end":{"line":5,"column":37}},"4":{"start":{"line":9,"column":21},"end":{"line":9,"column":41}},"5":{"start":{"line":10,"column":23},"end":{"line":10,"column":53}},"6":{"start":{"line":11,"column":8},"end":{"line":14,"column":9}},"7":{"start":{"line":12,"column":12},"end":{"line":12,"column":85}},"8":{"start":{"line":13,"column":12},"end":{"line":13,"column":65}},"9":{"start":{"line":15,"column":8},"end":{"line":22,"column":9}},"10":{"start":{"line":16,"column":12},"end":{"line":16,"column":54}},"11":{"start":{"line":17,"column":12},"end":{"line":17,"column":92}},"12":{"start":{"line":18,"column":12},"end":{"line":18,"column":78}},"13":{"start":{"line":20,"column":12},"end":{"line":20,"column":56}},"14":{"start":{"line":21,"column":12},"end":{"line":21,"column":68}},"15":{"start":{"line":26,"column":21},"end":{"line":26,"column":41}},"16":{"start":{"line":27,"column":23},"end":{"line":27,"column":50}},"17":{"start":{"line":28,"column":8},"end":{"line":31,"column":9}},"18":{"start":{"line":29,"column":12},"end":{"line":29,"column":78}},"19":{"start":{"line":30,"column":12},"end":{"line":30,"column":65}},"20":{"start":{"line":32,"column":8},"end":{"line":40,"column":9}},"21":{"start":{"line":33,"column":25},"end":{"line":33,"column":65}},"22":{"start":{"line":34,"column":12},"end":{"line":34,"column":91}},"23":{"start":{"line":36,"column":12},"end":{"line":36,"column":38}},"24":{"start":{"line":38,"column":12},"end":{"line":38,"column":49}},"25":{"start":{"line":39,"column":12},"end":{"line":39,"column":68}},"26":{"start":{"line":44,"column":22},"end":{"line":44,"column":53}},"27":{"start":{"line":45,"column":8},"end":{"line":45,"column":35}},"28":{"start":{"line":49,"column":23},"end":{"line":49,"column":38}},"29":{"start":{"line":50,"column":21},"end":{"line":50,"column":54}},"30":{"start":{"line":51,"column":8},"end":{"line":51,"column":69}},"31":{"start":{"line":51,"column":19},"end":{"line":51,"column":69}},"32":{"start":{"line":52,"column":8},"end":{"line":52,"column":34}},"33":{"start":{"line":56,"column":23},"end":{"line":56,"column":38}},"34":{"start":{"line":57,"column":21},"end":{"line":57,"column":41}},"35":{"start":{"line":58,"column":8},"end":{"line":63,"column":9}},"36":{"start":{"line":59,"column":12},"end":{"line":59,"column":55}},"37":{"start":{"line":60,"column":12},"end":{"line":60,"column":70}},"38":{"start":{"line":62,"column":12},"end":{"line":62,"column":68}},"39":{"start":{"line":7,"column":0},"end":{"line":7,"column":13}}},"fnMap":{"0":{"name":"(anonymous_0)","decl":{"start":{"line":8,"column":4},"end":{"line":8,"column":9}},"loc":{"start":{"line":8,"column":27},"end":{"line":23,"column":5}}},"1":{"name":"(anonymous_1)","decl":{"start":{"line":25,"column":4},"end":{"line":25,"column":9}},"loc":{"start":{"line":25,"column":24},"end":{"line":41,"column":5}}},"2":{"name":"(anonymous_2)","decl":{"start":{"line":43,"column":4},"end":{"line":43,"column":9}},"loc":{"start":{"line":43,"column":25},"end":{"line":46,"column":5}}},"3":{"name":"(anonymous_3)","decl":{"start":{"line":48,"column":4},"end":{"line":48,"column":9}},"loc":{"start":{"line":48,"column":26},"end":{"line":53,"column":5}}},"4":{"name":"(anonymous_4)","decl":{"start":{"line":55,"column":4},"end":{"line":55,"column":9}},"loc":{"start":{"line":55,"column":25},"end":{"line":64,"column":5}}}},"branchMap":{"0":{"loc":{"start":{"line":11,"column":8},"end":{"line":14,"column":9}},"type":"if","locations":[{"start":{"line":11,"column":8},"end":{"line":14,"column":9}},{"start":{},"end":{}}]},"1":{"loc":{"start":{"line":28,"column":8},"end":{"line":31,"column":9}},"type":"if","locations":[{"start":{"line":28,"column":8},"end":{"line":31,"column":9}},{"start":{},"end":{}}]},"2":{"loc":{"start":{"line":51,"column":8},"end":{"line":51,"column":69}},"type":"if","locations":[{"start":{"line":51,"column":8},"end":{"line":51,"column":69}},{"start":{},"end":{}}]}},"s":{"0":3,"1":3,"2":3,"3":3,"4":6,"5":6,"6":6,"7":3,"8":3,"9":3,"10":3,"11":2,"12":2,"13":1,"14":1,"15":4,"16":4,"17":4,"18":0,"19":0,"20":4,"21":4,"22":2,"23":2,"24":2,"25":2,"26":0,"27":0,"28":0,"29":0,"30":0,"31":0,"32":0,"33":0,"34":0,"35":0,"36":0,"37":0,"38":0,"39":3},"f":{"0":6,"1":4,"2":0,"3":0,"4":0},"b":{"0":[3,3],"1":[0,4],"2":[0,0]}}
,"D:\\codes\\angular-task-manager\\node-backend-qa\\src\\auth\\auth.routers.ts": {"path":"D:\\codes\\angular-task-manager\\node-backend-qa\\src\\auth\\auth.routers.ts","statementMap":{"0":{"start":{"line":1,"column":0},"end":{"line":1,"column":28}},"1":{"start":{"line":2,"column":0},"end":{"line":2,"column":52}},"2":{"start":{"line":4,"column":23},"end":{"line":4,"column":43}},"3":{"start":{"line":5,"column":19},"end":{"line":5,"column":29}},"4":{"start":{"line":7,"column":0},"end":{"line":7,"column":64}},"5":{"start":{"line":7,"column":36},"end":{"line":7,"column":62}},"6":{"start":{"line":8,"column":0},"end":{"line":8,"column":58}},"7":{"start":{"line":8,"column":33},"end":{"line":8,"column":56}},"8":{"start":{"line":9,"column":0},"end":{"line":9,"column":61}},"9":{"start":{"line":9,"column":35},"end":{"line":9,"column":59}},"10":{"start":{"line":10,"column":0},"end":{"line":10,"column":62}},"11":{"start":{"line":10,"column":35},"end":{"line":10,"column":60}},"12":{"start":{"line":11,"column":0},"end":{"line":11,"column":61}},"13":{"start":{"line":11,"column":35},"end":{"line":11,"column":59}},"14":{"start":{"line":13,"column":0},"end":{"line":13,"column":26}}},"fnMap":{"0":{"name":"(anonymous_0)","decl":{"start":{"line":7,"column":29},"end":{"line":7,"column":30}},"loc":{"start":{"line":7,"column":36},"end":{"line":7,"column":62}}},"1":{"name":"(anonymous_1)","decl":{"start":{"line":8,"column":26},"end":{"line":8,"column":27}},"loc":{"start":{"line":8,"column":33},"end":{"line":8,"column":56}}},"2":{"name":"(anonymous_2)","decl":{"start":{"line":9,"column":28},"end":{"line":9,"column":29}},"loc":{"start":{"line":9,"column":35},"end":{"line":9,"column":59}}},"3":{"name":"(anonymous_3)","decl":{"start":{"line":10,"column":28},"end":{"line":10,"column":29}},"loc":{"start":{"line":10,"column":35},"end":{"line":10,"column":60}}},"4":{"name":"(anonymous_4)","decl":{"start":{"line":11,"column":28},"end":{"line":11,"column":29}},"loc":{"start":{"line":11,"column":35},"end":{"line":11,"column":59}}}},"branchMap":{},"s":{"0":3,"1":3,"2":3,"3":3,"4":3,"5":6,"6":3,"7":4,"8":3,"9":0,"10":3,"11":0,"12":3,"13":0,"14":3},"f":{"0":6,"1":4,"2":0,"3":0,"4":0},"b":{}}
,"D:\\codes\\angular-task-manager\\node-backend-qa\\src\\auth\\auth.services.ts": {"path":"D:\\codes\\angular-task-manager\\node-backend-qa\\src\\auth\\auth.services.ts","statementMap":{"0":{"start":{"line":1,"column":0},"end":{"line":1,"column":34}},"1":{"start":{"line":2,"column":0},"end":{"line":2,"column":31}},"2":{"start":{"line":3,"column":0},"end":{"line":3,"column":42}},"3":{"start":{"line":4,"column":0},"end":{"line":4,"column":30}},"4":{"start":{"line":5,"column":0},"end":{"line":5,"column":31}},"5":{"start":{"line":7,"column":19},"end":{"line":7,"column":61}},"6":{"start":{"line":12,"column":31},"end":{"line":12,"column":67}},"7":{"start":{"line":13,"column":8},"end":{"line":13,"column":77}},"8":{"start":{"line":14,"column":8},"end":{"line":14,"column":43}},"9":{"start":{"line":18,"column":8},"end":{"line":20,"column":11}},"10":{"start":{"line":24,"column":36},"end":{"line":24,"column":47}},"11":{"start":{"line":25,"column":21},"end":{"line":34,"column":10}},"12":{"start":{"line":35,"column":8},"end":{"line":35,"column":53}},"13":{"start":{"line":35,"column":19},"end":{"line":35,"column":53}},"14":{"start":{"line":36,"column":24},"end":{"line":36,"column":69}},"15":{"start":{"line":37,"column":8},"end":{"line":37,"column":61}},"16":{"start":{"line":37,"column":22},"end":{"line":37,"column":61}},"17":{"start":{"line":39,"column":56},"end":{"line":39,"column":60}},"18":{"start":{"line":41,"column":22},"end":{"line":44,"column":null}},"19":{"start":{"line":46,"column":8},"end":{"line":46,"column":52}},"20":{"start":{"line":50,"column":8},"end":{"line":58,"column":11}},"21":{"start":{"line":62,"column":8},"end":{"line":64,"column":9}},"22":{"start":{"line":63,"column":12},"end":{"line":63,"column":65}},"23":{"start":{"line":65,"column":8},"end":{"line":67,"column":45}},"24":{"start":{"line":68,"column":8},"end":{"line":68,"column":43}},"25":{"start":{"line":72,"column":8},"end":{"line":74,"column":11}},"26":{"start":{"line":9,"column":0},"end":{"line":9,"column":13}}},"fnMap":{"0":{"name":"(anonymous_1)","decl":{"start":{"line":10,"column":4},"end":{"line":10,"column":9}},"loc":{"start":{"line":10,"column":52},"end":{"line":15,"column":5}}},"1":{"name":"(anonymous_2)","decl":{"start":{"line":17,"column":4},"end":{"line":17,"column":9}},"loc":{"start":{"line":17,"column":38},"end":{"line":21,"column":5}}},"2":{"name":"(anonymous_3)","decl":{"start":{"line":23,"column":4},"end":{"line":23,"column":9}},"loc":{"start":{"line":23,"column":68},"end":{"line":47,"column":5}}},"3":{"name":"(anonymous_4)","decl":{"start":{"line":49,"column":4},"end":{"line":49,"column":9}},"loc":{"start":{"line":49,"column":21},"end":{"line":59,"column":5}}},"4":{"name":"(anonymous_5)","decl":{"start":{"line":61,"column":4},"end":{"line":61,"column":9}},"loc":{"start":{"line":61,"column":77},"end":{"line":69,"column":5}}},"5":{"name":"(anonymous_6)","decl":{"start":{"line":71,"column":4},"end":{"line":71,"column":9}},"loc":{"start":{"line":71,"column":32},"end":{"line":75,"column":5}}}},"branchMap":{"0":{"loc":{"start":{"line":7,"column":19},"end":{"line":7,"column":61}},"type":"binary-expr","locations":[{"start":{"line":7,"column":19},"end":{"line":7,"column":41}},{"start":{"line":7,"column":45},"end":{"line":7,"column":61}}]},"1":{"loc":{"start":{"line":35,"column":8},"end":{"line":35,"column":53}},"type":"if","locations":[{"start":{"line":35,"column":8},"end":{"line":35,"column":53}},{"start":{},"end":{}}]},"2":{"loc":{"start":{"line":37,"column":8},"end":{"line":37,"column":61}},"type":"if","locations":[{"start":{"line":37,"column":8},"end":{"line":37,"column":61}},{"start":{},"end":{}}]},"3":{"loc":{"start":{"line":62,"column":8},"end":{"line":64,"column":9}},"type":"if","locations":[{"start":{"line":62,"column":8},"end":{"line":64,"column":9}},{"start":{},"end":{}}]}},"s":{"0":4,"1":4,"2":4,"3":4,"4":4,"5":4,"6":4,"7":4,"8":3,"9":2,"10":7,"11":7,"12":7,"13":2,"14":5,"15":5,"16":2,"17":3,"18":3,"19":3,"20":1,"21":2,"22":1,"23":2,"24":2,"25":2,"26":4},"f":{"0":4,"1":2,"2":7,"3":1,"4":2,"5":2},"b":{"0":[4,4],"1":[2,5],"2":[2,3],"3":[1,1]}}
,"D:\\codes\\angular-task-manager\\node-backend-qa\\src\\categories\\categories.controllers.ts": {"path":"D:\\codes\\angular-task-manager\\node-backend-qa\\src\\categories\\categories.controllers.ts","statementMap":{"0":{"start":{"line":1,"column":0},"end":{"line":1,"column":94}},"1":{"start":{"line":2,"column":0},"end":{"line":2,"column":55}},"2":{"start":{"line":4,"column":24},"end":{"line":4,"column":45}},"3":{"start":{"line":9,"column":17},"end":{"line":9,"column":30}},"4":{"start":{"line":10,"column":23},"end":{"line":10,"column":70}},"5":{"start":{"line":11,"column":4},"end":{"line":11,"column":30}},"6":{"start":{"line":16,"column":17},"end":{"line":16,"column":30}},"7":{"start":{"line":17,"column":19},"end":{"line":17,"column":32}},"8":{"start":{"line":18,"column":21},"end":{"line":18,"column":71}},"9":{"start":{"line":19,"column":4},"end":{"line":19,"column":71}},"10":{"start":{"line":19,"column":19},"end":{"line":19,"column":71}},"11":{"start":{"line":20,"column":4},"end":{"line":20,"column":28}},"12":{"start":{"line":25,"column":17},"end":{"line":25,"column":30}},"13":{"start":{"line":26,"column":18},"end":{"line":26,"column":64}},"14":{"start":{"line":27,"column":25},"end":{"line":30,"column":6}},"15":{"start":{"line":31,"column":4},"end":{"line":31,"column":55}},"16":{"start":{"line":32,"column":4},"end":{"line":32,"column":69}},"17":{"start":{"line":37,"column":17},"end":{"line":37,"column":30}},"18":{"start":{"line":38,"column":19},"end":{"line":38,"column":32}},"19":{"start":{"line":39,"column":18},"end":{"line":39,"column":64}},"20":{"start":{"line":40,"column":4},"end":{"line":40,"column":65}},"21":{"start":{"line":41,"column":4},"end":{"line":41,"column":64}},"22":{"start":{"line":46,"column":17},"end":{"line":46,"column":30}},"23":{"start":{"line":47,"column":19},"end":{"line":47,"column":32}},"24":{"start":{"line":48,"column":4},"end":{"line":48,"column":58}},"25":{"start":{"line":49,"column":4},"end":{"line":49,"column":64}},"26":{"start":{"line":6,"column":0},"end":{"line":6,"column":13}}},"fnMap":{"0":{"name":"(anonymous_0)","decl":{"start":{"line":8,"column":2},"end":{"line":8,"column":7}},"loc":{"start":{"line":8,"column":31},"end":{"line":12,"column":3}}},"1":{"name":"(anonymous_1)","decl":{"start":{"line":15,"column":2},"end":{"line":15,"column":7}},"loc":{"start":{"line":15,"column":30},"end":{"line":21,"column":3}}},"2":{"name":"(anonymous_2)","decl":{"start":{"line":24,"column":2},"end":{"line":24,"column":7}},"loc":{"start":{"line":24,"column":29},"end":{"line":33,"column":3}}},"3":{"name":"(anonymous_3)","decl":{"start":{"line":36,"column":2},"end":{"line":36,"column":7}},"loc":{"start":{"line":36,"column":29},"end":{"line":42,"column":3}}},"4":{"name":"(anonymous_4)","decl":{"start":{"line":45,"column":2},"end":{"line":45,"column":7}},"loc":{"start":{"line":45,"column":29},"end":{"line":50,"column":3}}}},"branchMap":{"0":{"loc":{"start":{"line":19,"column":4},"end":{"line":19,"column":71}},"type":"if","locations":[{"start":{"line":19,"column":4},"end":{"line":19,"column":71}},{"start":{},"end":{}}]}},"s":{"0":3,"1":3,"2":3,"3":0,"4":0,"5":0,"6":0,"7":0,"8":0,"9":0,"10":0,"11":0,"12":0,"13":0,"14":0,"15":0,"16":0,"17":0,"18":0,"19":0,"20":0,"21":0,"22":0,"23":0,"24":0,"25":0,"26":3},"f":{"0":0,"1":0,"2":0,"3":0,"4":0},"b":{"0":[0,0]}}
,"D:\\codes\\angular-task-manager\\node-backend-qa\\src\\categories\\categories.route.ts": {"path":"D:\\codes\\angular-task-manager\\node-backend-qa\\src\\categories\\categories.route.ts","statementMap":{"0":{"start":{"line":1,"column":0},"end":{"line":1,"column":28}},"1":{"start":{"line":2,"column":0},"end":{"line":2,"column":62}},"2":{"start":{"line":3,"column":0},"end":{"line":3,"column":55}},"3":{"start":{"line":5,"column":27},"end":{"line":5,"column":51}},"4":{"start":{"line":6,"column":23},"end":{"line":6,"column":33}},"5":{"start":{"line":9,"column":0},"end":{"line":9,"column":94}},"6":{"start":{"line":9,"column":56},"end":{"line":9,"column":92}},"7":{"start":{"line":10,"column":0},"end":{"line":10,"column":95}},"8":{"start":{"line":10,"column":55},"end":{"line":10,"column":93}},"9":{"start":{"line":11,"column":0},"end":{"line":11,"column":98}},"10":{"start":{"line":11,"column":59},"end":{"line":11,"column":96}},"11":{"start":{"line":12,"column":0},"end":{"line":12,"column":97}},"12":{"start":{"line":12,"column":59},"end":{"line":12,"column":95}},"13":{"start":{"line":13,"column":0},"end":{"line":13,"column":100}},"14":{"start":{"line":13,"column":62},"end":{"line":13,"column":98}},"15":{"start":{"line":15,"column":0},"end":{"line":15,"column":30}}},"fnMap":{"0":{"name":"(anonymous_0)","decl":{"start":{"line":9,"column":49},"end":{"line":9,"column":50}},"loc":{"start":{"line":9,"column":56},"end":{"line":9,"column":92}}},"1":{"name":"(anonymous_1)","decl":{"start":{"line":10,"column":48},"end":{"line":10,"column":49}},"loc":{"start":{"line":10,"column":55},"end":{"line":10,"column":93}}},"2":{"name":"(anonymous_2)","decl":{"start":{"line":11,"column":52},"end":{"line":11,"column":53}},"loc":{"start":{"line":11,"column":59},"end":{"line":11,"column":96}}},"3":{"name":"(anonymous_3)","decl":{"start":{"line":12,"column":52},"end":{"line":12,"column":53}},"loc":{"start":{"line":12,"column":59},"end":{"line":12,"column":95}}},"4":{"name":"(anonymous_4)","decl":{"start":{"line":13,"column":55},"end":{"line":13,"column":56}},"loc":{"start":{"line":13,"column":62},"end":{"line":13,"column":98}}}},"branchMap":{},"s":{"0":3,"1":3,"2":3,"3":3,"4":3,"5":3,"6":0,"7":3,"8":0,"9":3,"10":0,"11":3,"12":0,"13":3,"14":0,"15":3},"f":{"0":0,"1":0,"2":0,"3":0,"4":0},"b":{}}
,"D:\\codes\\angular-task-manager\\node-backend-qa\\src\\categories\\categories.service.ts": {"path":"D:\\codes\\angular-task-manager\\node-backend-qa\\src\\categories\\categories.service.ts","statementMap":{"0":{"start":{"line":1,"column":0},"end":{"line":1,"column":34}},"1":{"start":{"line":2,"column":0},"end":{"line":2,"column":31}},"2":{"start":{"line":3,"column":0},"end":{"line":3,"column":47}},"3":{"start":{"line":7,"column":4},"end":{"line":7,"column":49}},"4":{"start":{"line":8,"column":4},"end":{"line":8,"column":43}},"5":{"start":{"line":12,"column":4},"end":{"line":14,"column":7}},"6":{"start":{"line":18,"column":4},"end":{"line":20,"column":7}},"7":{"start":{"line":24,"column":4},"end":{"line":26,"column":81}},"8":{"start":{"line":27,"column":4},"end":{"line":27,"column":43}},"9":{"start":{"line":31,"column":4},"end":{"line":32,"column":81}},"10":{"start":{"line":33,"column":4},"end":{"line":33,"column":43}},"11":{"start":{"line":5,"column":0},"end":{"line":5,"column":13}}},"fnMap":{"0":{"name":"(anonymous_1)","decl":{"start":{"line":6,"column":2},"end":{"line":6,"column":7}},"loc":{"start":{"line":6,"column":63},"end":{"line":9,"column":3}}},"1":{"name":"(anonymous_2)","decl":{"start":{"line":11,"column":2},"end":{"line":11,"column":7}},"loc":{"start":{"line":11,"column":39},"end":{"line":15,"column":3}}},"2":{"name":"(anonymous_3)","decl":{"start":{"line":17,"column":2},"end":{"line":17,"column":7}},"loc":{"start":{"line":17,"column":50},"end":{"line":21,"column":3}}},"3":{"name":"(anonymous_4)","decl":{"start":{"line":23,"column":2},"end":{"line":23,"column":7}},"loc":{"start":{"line":23,"column":104},"end":{"line":28,"column":3}}},"4":{"name":"(anonymous_5)","decl":{"start":{"line":30,"column":2},"end":{"line":30,"column":7}},"loc":{"start":{"line":30,"column":53},"end":{"line":34,"column":3}}}},"branchMap":{},"s":{"0":3,"1":3,"2":3,"3":0,"4":0,"5":0,"6":0,"7":0,"8":0,"9":0,"10":0,"11":3},"f":{"0":0,"1":0,"2":0,"3":0,"4":0},"b":{}}
,"D:\\codes\\angular-task-manager\\node-backend-qa\\src\\drizzle\\db.ts": {"path":"D:\\codes\\angular-task-manager\\node-backend-qa\\src\\drizzle\\db.ts","statementMap":{"0":{"start":{"line":1,"column":0},"end":{"line":1,"column":52}},"1":{"start":{"line":2,"column":0},"end":{"line":2,"column":26}},"2":{"start":{"line":3,"column":0},"end":{"line":3,"column":23}},"3":{"start":{"line":4,"column":0},"end":{"line":4,"column":35}},"4":{"start":{"line":6,"column":13},"end":{"line":8,"column":2}},"5":{"start":{"line":12,"column":9},"end":{"line":12,"column":13}},"6":{"start":{"line":10,"column":11},"end":{"line":10,"column":50}},"7":{"start":{"line":11,"column":0},"end":{"line":11,"column":18}}},"fnMap":{},"branchMap":{},"s":{"0":5,"1":5,"2":5,"3":5,"4":5,"5":5,"6":5,"7":5},"f":{},"b":{}}
,"D:\\codes\\angular-task-manager\\node-backend-qa\\src\\drizzle\\migrate.ts": {"path":"D:\\codes\\angular-task-manager\\node-backend-qa\\src\\drizzle\\migrate.ts","statementMap":{"0":{"start":{"line":1,"column":0},"end":{"line":1,"column":23}},"1":{"start":{"line":2,"column":0},"end":{"line":2,"column":61}},"2":{"start":{"line":4,"column":0},"end":{"line":4,"column":28}},"3":{"start":{"line":5,"column":0},"end":{"line":5,"column":22}},"4":{"start":{"line":6,"column":0},"end":{"line":6,"column":31}},"5":{"start":{"line":7,"column":0},"end":{"line":7,"column":36}},"6":{"start":{"line":9,"column":18},"end":{"line":9,"column":57}},"7":{"start":{"line":13,"column":4},"end":{"line":13,"column":null}},"8":{"start":{"line":14,"column":4},"end":{"line":14,"column":null}},"9":{"start":{"line":15,"column":4},"end":{"line":15,"column":null}},"10":{"start":{"line":16,"column":4},"end":{"line":16,"column":null}},"11":{"start":{"line":17,"column":4},"end":{"line":17,"column":null}},"12":{"start":{"line":21,"column":0},"end":{"line":24,"column":null}},"13":{"start":{"line":22,"column":4},"end":{"line":22,"column":null}},"14":{"start":{"line":23,"column":4},"end":{"line":23,"column":null}}},"fnMap":{"0":{"name":"migration","decl":{"start":{"line":11,"column":15},"end":{"line":11,"column":24}},"loc":{"start":{"line":11,"column":24},"end":{"line":19,"column":1}}},"1":{"name":"(anonymous_2)","decl":{"start":{"line":21,"column":18},"end":{"line":21,"column":19}},"loc":{"start":{"line":21,"column":26},"end":{"line":24,"column":1}}}},"branchMap":{},"s":{"0":0,"1":0,"2":0,"3":0,"4":0,"5":0,"6":0,"7":0,"8":0,"9":0,"10":0,"11":0,"12":0,"13":0,"14":0},"f":{"0":0,"1":0},"b":{}}
,"D:\\codes\\angular-task-manager\\node-backend-qa\\src\\drizzle\\reset.ts": {"path":"D:\\codes\\angular-task-manager\\node-backend-qa\\src\\drizzle\\reset.ts","statementMap":{"0":{"start":{"line":1,"column":0},"end":{"line":1,"column":23}},"1":{"start":{"line":2,"column":0},"end":{"line":2,"column":28}},"2":{"start":{"line":5,"column":4},"end":{"line":5,"column":60}},"3":{"start":{"line":7,"column":4},"end":{"line":31,"column":5}},"4":{"start":{"line":9,"column":8},"end":{"line":15,"column":11}},"5":{"start":{"line":17,"column":8},"end":{"line":17,"column":67}},"6":{"start":{"line":20,"column":8},"end":{"line":22,"column":11}},"7":{"start":{"line":24,"column":8},"end":{"line":24,"column":58}},"8":{"start":{"line":27,"column":8},"end":{"line":27,"column":60}},"9":{"start":{"line":28,"column":8},"end":{"line":28,"column":24}},"10":{"start":{"line":30,"column":8},"end":{"line":30,"column":25}},"11":{"start":{"line":33,"column":4},"end":{"line":33,"column":62}},"12":{"start":{"line":34,"column":4},"end":{"line":34,"column":20}},"13":{"start":{"line":37,"column":0},"end":{"line":40,"column":3}},"14":{"start":{"line":38,"column":4},"end":{"line":38,"column":23}},"15":{"start":{"line":39,"column":4},"end":{"line":39,"column":20}}},"fnMap":{"0":{"name":"resetDatabase","decl":{"start":{"line":4,"column":15},"end":{"line":4,"column":28}},"loc":{"start":{"line":4,"column":28},"end":{"line":35,"column":1}}},"1":{"name":"(anonymous_1)","decl":{"start":{"line":37,"column":22},"end":{"line":37,"column":23}},"loc":{"start":{"line":37,"column":30},"end":{"line":40,"column":1}}}},"branchMap":{},"s":{"0":0,"1":0,"2":0,"3":0,"4":0,"5":0,"6":0,"7":0,"8":0,"9":0,"10":0,"11":0,"12":0,"13":0,"14":0,"15":0},"f":{"0":0,"1":0},"b":{}}
,"D:\\codes\\angular-task-manager\\node-backend-qa\\src\\drizzle\\schema.ts": {"path":"D:\\codes\\angular-task-manager\\node-backend-qa\\src\\drizzle\\schema.ts","statementMap":{"0":{"start":{"line":1,"column":0},"end":{"line":1,"column":97}},"1":{"start":{"line":5,"column":13},"end":{"line":5,"column":74}},"2":{"start":{"line":6,"column":13},"end":{"line":6,"column":83}},"3":{"start":{"line":9,"column":13},"end":{"line":18,"column":3}},"4":{"start":{"line":21,"column":13},"end":{"line":31,"column":3}},"5":{"start":{"line":28,"column":56},"end":{"line":28,"column":64}},"6":{"start":{"line":35,"column":13},"end":{"line":47,"column":3}},"7":{"start":{"line":43,"column":56},"end":{"line":43,"column":64}},"8":{"start":{"line":44,"column":64},"end":{"line":44,"column":77}}},"fnMap":{"0":{"name":"(anonymous_0)","decl":{"start":{"line":28,"column":50},"end":{"line":28,"column":53}},"loc":{"start":{"line":28,"column":56},"end":{"line":28,"column":64}}},"1":{"name":"(anonymous_1)","decl":{"start":{"line":43,"column":50},"end":{"line":43,"column":53}},"loc":{"start":{"line":43,"column":56},"end":{"line":43,"column":64}}},"2":{"name":"(anonymous_2)","decl":{"start":{"line":44,"column":58},"end":{"line":44,"column":61}},"loc":{"start":{"line":44,"column":64},"end":{"line":44,"column":77}}}},"branchMap":{},"s":{"0":7,"1":7,"2":7,"3":7,"4":7,"5":0,"6":7,"7":0,"8":0},"f":{"0":0,"1":0,"2":0},"b":{}}
,"D:\\codes\\angular-task-manager\\node-backend-qa\\src\\drizzle\\seed.ts": {"path":"D:\\codes\\angular-task-manager\\node-backend-qa\\src\\drizzle\\seed.ts","statementMap":{"0":{"start":{"line":1,"column":0},"end":{"line":1,"column":52}},"1":{"start":{"line":2,"column":0},"end":{"line":2,"column":26}},"2":{"start":{"line":4,"column":0},"end":{"line":4,"column":23}},"3":{"start":{"line":5,"column":0},"end":{"line":5,"column":45}},"4":{"start":{"line":8,"column":13},"end":{"line":10,"column":2}},"5":{"start":{"line":12,"column":11},"end":{"line":12,"column":24}},"6":{"start":{"line":15,"column":2},"end":{"line":59,"column":3}},"7":{"start":{"line":16,"column":4},"end":{"line":16,"column":42}},"8":{"start":{"line":19,"column":30},"end":{"line":50,"column":6}},"9":{"start":{"line":52,"column":30},"end":{"line":52,"column":95}},"10":{"start":{"line":53,"column":4},"end":{"line":53,"column":77}},"11":{"start":{"line":53,"column":68},"end":{"line":53,"column":74}},"12":{"start":{"line":55,"column":4},"end":{"line":55,"column":52}},"13":{"start":{"line":57,"column":4},"end":{"line":57,"column":54}},"14":{"start":{"line":58,"column":4},"end":{"line":58,"column":16}},"15":{"start":{"line":62,"column":0},"end":{"line":62,"column":28}}},"fnMap":{"0":{"name":"seed","decl":{"start":{"line":14,"column":15},"end":{"line":14,"column":19}},"loc":{"start":{"line":14,"column":19},"end":{"line":60,"column":1}}},"1":{"name":"(anonymous_1)","decl":{"start":{"line":53,"column":63},"end":{"line":53,"column":64}},"loc":{"start":{"line":53,"column":68},"end":{"line":53,"column":74}}}},"branchMap":{},"s":{"0":0,"1":0,"2":0,"3":0,"4":0,"5":0,"6":0,"7":0,"8":0,"9":0,"10":0,"11":0,"12":0,"13":0,"14":0,"15":0},"f":{"0":0,"1":0},"b":{}}
,"D:\\codes\\angular-task-manager\\node-backend-qa\\src\\middlewares\\bearAuth.ts": {"path":"D:\\codes\\angular-task-manager\\node-backend-qa\\src\\middlewares\\bearAuth.ts","statementMap":{"0":{"start":{"line":1,"column":0},"end":{"line":1,"column":31}},"1":{"start":{"line":16,"column":20},"end":{"line":23,"column":1}},"2":{"start":{"line":17,"column":4},"end":{"line":22,"column":5}},"3":{"start":{"line":18,"column":24},"end":{"line":18,"column":85}},"4":{"start":{"line":19,"column":8},"end":{"line":19,"column":37}},"5":{"start":{"line":21,"column":8},"end":{"line":21,"column":20}},"6":{"start":{"line":26,"column":24},"end":{"line":37,"column":1}},"7":{"start":{"line":27,"column":4},"end":{"line":36,"column":5}},"8":{"start":{"line":29,"column":12},"end":{"line":29,"column":63}},"9":{"start":{"line":31,"column":12},"end":{"line":31,"column":40}},"10":{"start":{"line":33,"column":12},"end":{"line":33,"column":39}},"11":{"start":{"line":35,"column":12},"end":{"line":35,"column":25}},"12":{"start":{"line":40,"column":26},"end":{"line":91,"column":1}},"13":{"start":{"line":41,"column":4},"end":{"line":90,"column":6}},"14":{"start":{"line":43,"column":8},"end":{"line":43,"column":63}},"15":{"start":{"line":46,"column":27},"end":{"line":46,"column":89}},"16":{"start":{"line":49,"column":8},"end":{"line":51,"column":9}},"17":{"start":{"line":50,"column":12},"end":{"line":50,"column":100}},"18":{"start":{"line":54,"column":22},"end":{"line":54,"column":46}},"19":{"start":{"line":55,"column":8},"end":{"line":55,"column":43}},"20":{"start":{"line":56,"column":8},"end":{"line":58,"column":9}},"21":{"start":{"line":57,"column":12},"end":{"line":57,"column":78}},"22":{"start":{"line":61,"column":24},"end":{"line":61,"column":42}},"23":{"start":{"line":62,"column":8},"end":{"line":62,"column":74}},"24":{"start":{"line":63,"column":8},"end":{"line":65,"column":9}},"25":{"start":{"line":64,"column":12},"end":{"line":64,"column":85}},"26":{"start":{"line":68,"column":8},"end":{"line":70,"column":9}},"27":{"start":{"line":69,"column":12},"end":{"line":69,"column":82}},"28":{"start":{"line":73,"column":8},"end":{"line":75,"column":9}},"29":{"start":{"line":74,"column":12},"end":{"line":74,"column":80}},"30":{"start":{"line":78,"column":8},"end":{"line":84,"column":9}},"31":{"start":{"line":79,"column":12},"end":{"line":83,"column":20}},"32":{"start":{"line":87,"column":8},"end":{"line":87,"column":31}},"33":{"start":{"line":89,"column":8},"end":{"line":89,"column":21}},"34":{"start":{"line":40,"column":13},"end":{"line":40,"column":26}},"35":{"start":{"line":94,"column":13},"end":{"line":94,"column":49}},"36":{"start":{"line":95,"column":13},"end":{"line":95,"column":47}},"37":{"start":{"line":96,"column":13},"end":{"line":96,"column":47}},"38":{"start":{"line":99,"column":13},"end":{"line":99,"column":54}},"39":{"start":{"line":102,"column":13},"end":{"line":102,"column":42}}},"fnMap":{"0":{"name":"(anonymous_1)","decl":{"start":{"line":16,"column":20},"end":{"line":16,"column":21}},"loc":{"start":{"line":16,"column":57},"end":{"line":23,"column":1}}},"1":{"name":"(anonymous_2)","decl":{"start":{"line":26,"column":24},"end":{"line":26,"column":25}},"loc":{"start":{"line":26,"column":82},"end":{"line":37,"column":1}}},"2":{"name":"(anonymous_3)","decl":{"start":{"line":40,"column":26},"end":{"line":40,"column":27}},"loc":{"start":{"line":40,"column":76},"end":{"line":91,"column":1}}},"3":{"name":"(anonymous_4)","decl":{"start":{"line":41,"column":11},"end":{"line":41,"column":16}},"loc":{"start":{"line":41,"column":29},"end":{"line":90,"column":5}}}},"branchMap":{"0":{"loc":{"start":{"line":18,"column":42},"end":{"line":18,"column":84}},"type":"binary-expr","locations":[{"start":{"line":18,"column":42},"end":{"line":18,"column":64}},{"start":{"line":18,"column":68},"end":{"line":18,"column":84}}]},"1":{"loc":{"start":{"line":27,"column":4},"end":{"line":36,"column":5}},"type":"switch","locations":[{"start":{"line":28,"column":8},"end":{"line":29,"column":63}},{"start":{"line":30,"column":8},"end":{"line":31,"column":40}},{"start":{"line":32,"column":8},"end":{"line":33,"column":39}},{"start":{"line":34,"column":8},"end":{"line":35,"column":25}}]},"2":{"loc":{"start":{"line":29,"column":19},"end":{"line":29,"column":62}},"type":"binary-expr","locations":[{"start":{"line":29,"column":19},"end":{"line":29,"column":39}},{"start":{"line":29,"column":43},"end":{"line":29,"column":62}}]},"3":{"loc":{"start":{"line":46,"column":27},"end":{"line":46,"column":89}},"type":"binary-expr","locations":[{"start":{"line":46,"column":27},"end":{"line":46,"column":56}},{"start":{"line":46,"column":60},"end":{"line":46,"column":89}}]},"4":{"loc":{"start":{"line":49,"column":8},"end":{"line":51,"column":9}},"type":"if","locations":[{"start":{"line":49,"column":8},"end":{"line":51,"column":9}},{"start":{},"end":{}}]},"5":{"loc":{"start":{"line":49,"column":12},"end":{"line":49,"column":60}},"type":"binary-expr","locations":[{"start":{"line":49,"column":12},"end":{"line":49,"column":23}},{"start":{"line":49,"column":27},"end":{"line":49,"column":60}}]},"6":{"loc":{"start":{"line":56,"column":8},"end":{"line":58,"column":9}},"type":"if","locations":[{"start":{"line":56,"column":8},"end":{"line":58,"column":9}},{"start":{},"end":{}}]},"7":{"loc":{"start":{"line":63,"column":8},"end":{"line":65,"column":9}},"type":"if","locations":[{"start":{"line":63,"column":8},"end":{"line":65,"column":9}},{"start":{},"end":{}}]},"8":{"loc":{"start":{"line":68,"column":8},"end":{"line":70,"column":9}},"type":"if","locations":[{"start":{"line":68,"column":8},"end":{"line":70,"column":9}},{"start":{},"end":{}}]},"9":{"loc":{"start":{"line":68,"column":12},"end":{"line":68,"column":61}},"type":"binary-expr","locations":[{"start":{"line":68,"column":12},"end":{"line":68,"column":25}},{"start":{"line":68,"column":29},"end":{"line":68,"column":61}}]},"10":{"loc":{"start":{"line":73,"column":8},"end":{"line":75,"column":9}},"type":"if","locations":[{"start":{"line":73,"column":8},"end":{"line":75,"column":9}},{"start":{},"end":{}}]},"11":{"loc":{"start":{"line":78,"column":8},"end":{"line":84,"column":9}},"type":"if","locations":[{"start":{"line":78,"column":8},"end":{"line":84,"column":9}},{"start":{},"end":{}}]}},"s":{"0":3,"1":3,"2":0,"3":0,"4":0,"5":0,"6":3,"7":0,"8":0,"9":0,"10":0,"11":0,"12":3,"13":15,"14":3,"15":3,"16":3,"17":3,"18":0,"19":0,"20":0,"21":0,"22":0,"23":0,"24":0,"25":0,"26":0,"27":0,"28":0,"29":0,"30":0,"31":0,"32":0,"33":0,"34":3,"35":3,"36":3,"37":3,"38":3,"39":3},"f":{"0":0,"1":0,"2":15,"3":3},"b":{"0":[0,0],"1":[0,0,0,0],"2":[0,0],"3":[3,3],"4":[3,0],"5":[3,0],"6":[0,0],"7":[0,0],"8":[0,0],"9":[0,0],"10":[0,0],"11":[0,0]}}
,"D:\\codes\\angular-task-manager\\node-backend-qa\\src\\middlewares\\logger.ts": {"path":"D:\\codes\\angular-task-manager\\node-backend-qa\\src\\middlewares\\logger.ts","statementMap":{"0":{"start":{"line":77,"column":23},"end":{"line":87,"column":1}},"1":{"start":{"line":78,"column":2},"end":{"line":85,"column":3}},"2":{"start":{"line":79,"column":4},"end":{"line":84,"column":16}},"3":{"start":{"line":86,"column":2},"end":{"line":86,"column":40}},"4":{"start":{"line":89,"column":41},"end":{"line":147,"column":1}},"5":{"start":{"line":90,"column":16},"end":{"line":90,"column":26}},"6":{"start":{"line":91,"column":17},"end":{"line":91,"column":29}},"7":{"start":{"line":92,"column":15},"end":{"line":92,"column":25}},"8":{"start":{"line":95,"column":2},"end":{"line":97,"column":3}},"9":{"start":{"line":96,"column":4},"end":{"line":96,"column":60}},"10":{"start":{"line":99,"column":2},"end":{"line":146,"column":3}},"11":{"start":{"line":100,"column":4},"end":{"line":100,"column":17}},"12":{"start":{"line":102,"column":16},"end":{"line":102,"column":26}},"13":{"start":{"line":103,"column":25},"end":{"line":103,"column":36}},"14":{"start":{"line":104,"column":19},"end":{"line":104,"column":31}},"15":{"start":{"line":107,"column":19},"end":{"line":107,"column":22}},"16":{"start":{"line":108,"column":4},"end":{"line":112,"column":5}},"17":{"start":{"line":109,"column":6},"end":{"line":109,"column":22}},"18":{"start":{"line":110,"column":11},"end":{"line":112,"column":5}},"19":{"start":{"line":111,"column":6},"end":{"line":111,"column":21}},"20":{"start":{"line":115,"column":23},"end":{"line":115,"column":86}},"21":{"start":{"line":118,"column":4},"end":{"line":136,"column":5}},"22":{"start":{"line":119,"column":23},"end":{"line":119,"column":36}},"23":{"start":{"line":120,"column":25},"end":{"line":120,"column":27}},"24":{"start":{"line":122,"column":6},"end":{"line":130,"column":7}},"25":{"start":{"line":123,"column":21},"end":{"line":123,"column":60}},"26":{"start":{"line":123,"column":56},"end":{"line":123,"column":58}},"27":{"start":{"line":124,"column":8},"end":{"line":127,"column":10}},"28":{"start":{"line":129,"column":8},"end":{"line":129,"column":56}},"29":{"start":{"line":132,"column":6},"end":{"line":132,"column":30}},"30":{"start":{"line":135,"column":6},"end":{"line":135,"column":30}},"31":{"start":{"line":139,"column":16},"end":{"line":139,"column":26}},"32":{"start":{"line":140,"column":25},"end":{"line":140,"column":36}},"33":{"start":{"line":142,"column":4},"end":{"line":142,"column":79}},"34":{"start":{"line":145,"column":4},"end":{"line":145,"column":16}},"35":{"start":{"line":89,"column":13},"end":{"line":89,"column":41}},"36":{"start":{"line":150,"column":13},"end":{"line":175,"column":2}},"37":{"start":{"line":152,"column":4},"end":{"line":152,"column":68}},"38":{"start":{"line":156,"column":4},"end":{"line":156,"column":66}},"39":{"start":{"line":164,"column":4},"end":{"line":164,"column":34}},"40":{"start":{"line":165,"column":4},"end":{"line":167,"column":5}},"41":{"start":{"line":171,"column":4},"end":{"line":173,"column":5}},"42":{"start":{"line":172,"column":6},"end":{"line":172,"column":69}}},"fnMap":{"0":{"name":"(anonymous_0)","decl":{"start":{"line":77,"column":23},"end":{"line":77,"column":24}},"loc":{"start":{"line":77,"column":50},"end":{"line":87,"column":1}}},"1":{"name":"(anonymous_1)","decl":{"start":{"line":89,"column":41},"end":{"line":89,"column":46}},"loc":{"start":{"line":89,"column":59},"end":{"line":147,"column":1}}},"2":{"name":"(anonymous_2)","decl":{"start":{"line":123,"column":49},"end":{"line":123,"column":52}},"loc":{"start":{"line":123,"column":56},"end":{"line":123,"column":58}}},"3":{"name":"(anonymous_3)","decl":{"start":{"line":151,"column":8},"end":{"line":151,"column":9}},"loc":{"start":{"line":151,"column":40},"end":{"line":153,"column":3}}},"4":{"name":"(anonymous_4)","decl":{"start":{"line":155,"column":11},"end":{"line":155,"column":12}},"loc":{"start":{"line":155,"column":43},"end":{"line":157,"column":3}}},"5":{"name":"(anonymous_5)","decl":{"start":{"line":159,"column":11},"end":{"line":159,"column":12}},"loc":{"start":{"line":159,"column":43},"end":{"line":161,"column":3}}},"6":{"name":"(anonymous_6)","decl":{"start":{"line":163,"column":9},"end":{"line":163,"column":10}},"loc":{"start":{"line":163,"column":42},"end":{"line":168,"column":3}}},"7":{"name":"(anonymous_7)","decl":{"start":{"line":170,"column":9},"end":{"line":170,"column":10}},"loc":{"start":{"line":170,"column":41},"end":{"line":174,"column":3}}}},"branchMap":{"0":{"loc":{"start":{"line":78,"column":2},"end":{"line":85,"column":3}},"type":"if","locations":[{"start":{"line":78,"column":2},"end":{"line":85,"column":3}},{"start":{},"end":{}}]},"1":{"loc":{"start":{"line":82,"column":13},"end":{"line":82,"column":77}},"type":"cond-expr","locations":[{"start":{"line":82,"column":54},"end":{"line":82,"column":65}},{"start":{"line":82,"column":68},"end":{"line":82,"column":77}}]},"2":{"loc":{"start":{"line":83,"column":10},"end":{"line":83,"column":66}},"type":"cond-expr","locations":[{"start":{"line":83,"column":56},"end":{"line":83,"column":61}},{"start":{"line":83,"column":64},"end":{"line":83,"column":66}}]},"3":{"loc":{"start":{"line":83,"column":10},"end":{"line":83,"column":53}},"type":"binary-expr","locations":[{"start":{"line":83,"column":10},"end":{"line":83,"column":35}},{"start":{"line":83,"column":39},"end":{"line":83,"column":53}}]},"4":{"loc":{"start":{"line":95,"column":2},"end":{"line":97,"column":3}},"type":"if","locations":[{"start":{"line":95,"column":2},"end":{"line":97,"column":3}},{"start":{},"end":{}}]},"5":{"loc":{"start":{"line":108,"column":4},"end":{"line":112,"column":5}},"type":"if","locations":[{"start":{"line":108,"column":4},"end":{"line":112,"column":5}},{"start":{"line":110,"column":11},"end":{"line":112,"column":5}}]},"6":{"loc":{"start":{"line":108,"column":8},"end":{"line":108,"column":37}},"type":"binary-expr","locations":[{"start":{"line":108,"column":8},"end":{"line":108,"column":21}},{"start":{"line":108,"column":25},"end":{"line":108,"column":37}}]},"7":{"loc":{"start":{"line":110,"column":11},"end":{"line":112,"column":5}},"type":"if","locations":[{"start":{"line":110,"column":11},"end":{"line":112,"column":5}},{"start":{},"end":{}}]},"8":{"loc":{"start":{"line":118,"column":4},"end":{"line":136,"column":5}},"type":"if","locations":[{"start":{"line":118,"column":4},"end":{"line":136,"column":5}},{"start":{"line":134,"column":11},"end":{"line":136,"column":5}}]},"9":{"loc":{"start":{"line":126,"column":14},"end":{"line":126,"column":62}},"type":"cond-expr","locations":[{"start":{"line":126,"column":49},"end":{"line":126,"column":57}},{"start":{"line":126,"column":60},"end":{"line":126,"column":62}}]},"10":{"loc":{"start":{"line":126,"column":14},"end":{"line":126,"column":46}},"type":"binary-expr","locations":[{"start":{"line":126,"column":14},"end":{"line":126,"column":18}},{"start":{"line":126,"column":22},"end":{"line":126,"column":46}}]},"11":{"loc":{"start":{"line":152,"column":34},"end":{"line":152,"column":66}},"type":"cond-expr","locations":[{"start":{"line":152,"column":41},"end":{"line":152,"column":61}},{"start":{"line":152,"column":64},"end":{"line":152,"column":66}}]},"12":{"loc":{"start":{"line":156,"column":32},"end":{"line":156,"column":64}},"type":"cond-expr","locations":[{"start":{"line":156,"column":39},"end":{"line":156,"column":59}},{"start":{"line":156,"column":62},"end":{"line":156,"column":64}}]},"13":{"loc":{"start":{"line":165,"column":4},"end":{"line":167,"column":5}},"type":"if","locations":[{"start":{"line":165,"column":4},"end":{"line":167,"column":5}},{"start":{},"end":{}}]},"14":{"loc":{"start":{"line":171,"column":4},"end":{"line":173,"column":5}},"type":"if","locations":[{"start":{"line":171,"column":4},"end":{"line":173,"column":5}},{"start":{},"end":{}}]},"15":{"loc":{"start":{"line":171,"column":8},"end":{"line":171,"column":81}},"type":"binary-expr","locations":[{"start":{"line":171,"column":8},"end":{"line":171,"column":46}},{"start":{"line":171,"column":50},"end":{"line":171,"column":81}}]},"16":{"loc":{"start":{"line":172,"column":35},"end":{"line":172,"column":67}},"type":"cond-expr","locations":[{"start":{"line":172,"column":42},"end":{"line":172,"column":62}},{"start":{"line":172,"column":65},"end":{"line":172,"column":67}}]}},"s":{"0":3,"1":4,"2":0,"3":4,"4":3,"5":20,"6":20,"7":20,"8":20,"9":20,"10":20,"11":20,"12":20,"13":20,"14":20,"15":20,"16":20,"17":15,"18":5,"19":1,"20":20,"21":20,"22":16,"23":16,"24":16,"25":16,"26":0,"27":16,"28":0,"29":16,"30":4,"31":0,"32":0,"33":0,"34":0,"35":3,"36":3,"37":0,"38":4,"39":3,"40":3,"41":0,"42":0},"f":{"0":4,"1":20,"2":0,"3":0,"4":4,"5":3,"6":3,"7":0},"b":{"0":[0,4],"1":[0,0],"2":[0,0],"3":[0,0],"4":[20,0],"5":[15,5],"6":[20,16],"7":[1,4],"8":[16,4],"9":[16,0],"10":[16,16],"11":[0,0],"12":[4,0],"13":[3,0],"14":[0,0],"15":[0,0],"16":[0,0]}}
,"D:\\codes\\angular-task-manager\\node-backend-qa\\src\\middlewares\\rateLimiter.ts": {"path":"D:\\codes\\angular-task-manager\\node-backend-qa\\src\\middlewares\\rateLimiter.ts","statementMap":{"0":{"start":{"line":11,"column":39},"end":{"line":15,"column":2}},"1":{"start":{"line":25,"column":39},"end":{"line":25,"column":41}},"2":{"start":{"line":28,"column":0},"end":{"line":35,"column":10}},"3":{"start":{"line":29,"column":14},"end":{"line":29,"column":24}},"4":{"start":{"line":30,"column":2},"end":{"line":34,"column":5}},"5":{"start":{"line":31,"column":4},"end":{"line":33,"column":5}},"6":{"start":{"line":32,"column":6},"end":{"line":32,"column":32}},"7":{"start":{"line":38,"column":20},"end":{"line":55,"column":1}},"8":{"start":{"line":40,"column":20},"end":{"line":40,"column":51}},"9":{"start":{"line":41,"column":2},"end":{"line":43,"column":3}},"10":{"start":{"line":42,"column":4},"end":{"line":42,"column":42}},"11":{"start":{"line":46,"column":17},"end":{"line":46,"column":42}},"12":{"start":{"line":47,"column":2},"end":{"line":49,"column":3}},"13":{"start":{"line":48,"column":4},"end":{"line":48,"column":18}},"14":{"start":{"line":52,"column":2},"end":{"line":54,"column":19}},"15":{"start":{"line":58,"column":27},"end":{"line":116,"column":1}},"16":{"start":{"line":59,"column":22},"end":{"line":59,"column":53}},"17":{"start":{"line":61,"column":2},"end":{"line":115,"column":4}},"18":{"start":{"line":63,"column":4},"end":{"line":74,"column":5}},"19":{"start":{"line":67,"column":22},"end":{"line":67,"column":24}},"20":{"start":{"line":68,"column":6},"end":{"line":70,"column":16}},"21":{"start":{"line":69,"column":8},"end":{"line":69,"column":34}},"22":{"start":{"line":71,"column":6},"end":{"line":73,"column":7}},"23":{"start":{"line":72,"column":8},"end":{"line":72,"column":28}},"24":{"start":{"line":76,"column":21},"end":{"line":76,"column":35}},"25":{"start":{"line":77,"column":16},"end":{"line":77,"column":26}},"26":{"start":{"line":80,"column":4},"end":{"line":85,"column":5}},"27":{"start":{"line":81,"column":6},"end":{"line":84,"column":8}},"28":{"start":{"line":87,"column":18},"end":{"line":87,"column":42}},"29":{"start":{"line":90,"column":4},"end":{"line":93,"column":5}},"30":{"start":{"line":91,"column":6},"end":{"line":91,"column":22}},"31":{"start":{"line":92,"column":6},"end":{"line":92,"column":51}},"32":{"start":{"line":96,"column":4},"end":{"line":104,"column":5}},"33":{"start":{"line":97,"column":25},"end":{"line":97,"column":66}},"34":{"start":{"line":99,"column":6},"end":{"line":103,"column":14}},"35":{"start":{"line":107,"column":4},"end":{"line":107,"column":18}},"36":{"start":{"line":110,"column":4},"end":{"line":110,"column":70}},"37":{"start":{"line":111,"column":4},"end":{"line":111,"column":90}},"38":{"start":{"line":112,"column":4},"end":{"line":112,"column":75}},"39":{"start":{"line":114,"column":4},"end":{"line":114,"column":17}},"40":{"start":{"line":58,"column":13},"end":{"line":58,"column":27}},"41":{"start":{"line":119,"column":13},"end":{"line":123,"column":3}},"42":{"start":{"line":125,"column":13},"end":{"line":129,"column":3}},"43":{"start":{"line":131,"column":13},"end":{"line":135,"column":3}},"44":{"start":{"line":138,"column":32},"end":{"line":162,"column":1}},"45":{"start":{"line":139,"column":16},"end":{"line":139,"column":34}},"46":{"start":{"line":140,"column":2},"end":{"line":146,"column":3}},"47":{"start":{"line":141,"column":4},"end":{"line":145,"column":6}},"48":{"start":{"line":148,"column":14},"end":{"line":148,"column":24}},"49":{"start":{"line":149,"column":2},"end":{"line":155,"column":3}},"50":{"start":{"line":150,"column":4},"end":{"line":154,"column":6}},"51":{"start":{"line":157,"column":2},"end":{"line":161,"column":4}},"52":{"start":{"line":138,"column":13},"end":{"line":138,"column":32}}},"fnMap":{"0":{"name":"(anonymous_0)","decl":{"start":{"line":28,"column":12},"end":{"line":28,"column":15}},"loc":{"start":{"line":28,"column":17},"end":{"line":35,"column":1}}},"1":{"name":"(anonymous_1)","decl":{"start":{"line":30,"column":38},"end":{"line":30,"column":40}},"loc":{"start":{"line":30,"column":43},"end":{"line":34,"column":3}}},"2":{"name":"(anonymous_2)","decl":{"start":{"line":38,"column":20},"end":{"line":38,"column":21}},"loc":{"start":{"line":38,"column":39},"end":{"line":55,"column":1}}},"3":{"name":"(anonymous_3)","decl":{"start":{"line":58,"column":27},"end":{"line":58,"column":28}},"loc":{"start":{"line":58,"column":88},"end":{"line":116,"column":1}}},"4":{"name":"(anonymous_4)","decl":{"start":{"line":61,"column":9},"end":{"line":61,"column":14}},"loc":{"start":{"line":61,"column":27},"end":{"line":115,"column":3}}},"5":{"name":"(anonymous_5)","decl":{"start":{"line":138,"column":32},"end":{"line":138,"column":33}},"loc":{"start":{"line":138,"column":47},"end":{"line":162,"column":1}}}},"branchMap":{"0":{"loc":{"start":{"line":31,"column":4},"end":{"line":33,"column":5}},"type":"if","locations":[{"start":{"line":31,"column":4},"end":{"line":33,"column":5}},{"start":{},"end":{}}]},"1":{"loc":{"start":{"line":41,"column":2},"end":{"line":43,"column":3}},"type":"if","locations":[{"start":{"line":41,"column":2},"end":{"line":43,"column":3}},{"start":{},"end":{}}]},"2":{"loc":{"start":{"line":47,"column":2},"end":{"line":49,"column":3}},"type":"if","locations":[{"start":{"line":47,"column":2},"end":{"line":49,"column":3}},{"start":{},"end":{}}]},"3":{"loc":{"start":{"line":52,"column":9},"end":{"line":54,"column":18}},"type":"binary-expr","locations":[{"start":{"line":52,"column":9},"end":{"line":52,"column":40}},{"start":{"line":53,"column":9},"end":{"line":53,"column":34}},{"start":{"line":54,"column":9},"end":{"line":54,"column":18}}]},"4":{"loc":{"start":{"line":58,"column":28},"end":{"line":58,"column":65}},"type":"default-arg","locations":[{"start":{"line":58,"column":63},"end":{"line":58,"column":65}}]},"5":{"loc":{"start":{"line":63,"column":4},"end":{"line":74,"column":5}},"type":"if","locations":[{"start":{"line":63,"column":4},"end":{"line":74,"column":5}},{"start":{},"end":{}}]},"6":{"loc":{"start":{"line":64,"column":6},"end":{"line":65,"column":29}},"type":"binary-expr","locations":[{"start":{"line":64,"column":6},"end":{"line":64,"column":29}},{"start":{"line":65,"column":6},"end":{"line":65,"column":29}}]},"7":{"loc":{"start":{"line":71,"column":6},"end":{"line":73,"column":7}},"type":"if","locations":[{"start":{"line":71,"column":6},"end":{"line":73,"column":7}},{"start":{},"end":{}}]},"8":{"loc":{"start":{"line":71,"column":10},"end":{"line":71,"column":61}},"type":"binary-expr","locations":[{"start":{"line":71,"column":10},"end":{"line":71,"column":14}},{"start":{"line":71,"column":18},"end":{"line":71,"column":61}}]},"9":{"loc":{"start":{"line":80,"column":4},"end":{"line":85,"column":5}},"type":"if","locations":[{"start":{"line":80,"column":4},"end":{"line":85,"column":5}},{"start":{},"end":{}}]},"10":{"loc":{"start":{"line":90,"column":4},"end":{"line":93,"column":5}},"type":"if","locations":[{"start":{"line":90,"column":4},"end":{"line":93,"column":5}},{"start":{},"end":{}}]},"11":{"loc":{"start":{"line":96,"column":4},"end":{"line":104,"column":5}},"type":"if","locations":[{"start":{"line":96,"column":4},"end":{"line":104,"column":5}},{"start":{},"end":{}}]},"12":{"loc":{"start":{"line":140,"column":2},"end":{"line":146,"column":3}},"type":"if","locations":[{"start":{"line":140,"column":2},"end":{"line":146,"column":3}},{"start":{},"end":{}}]},"13":{"loc":{"start":{"line":149,"column":2},"end":{"line":155,"column":3}},"type":"if","locations":[{"start":{"line":149,"column":2},"end":{"line":155,"column":3}},{"start":{},"end":{}}]}},"s":{"0":3,"1":3,"2":3,"3":0,"4":0,"5":0,"6":0,"7":3,"8":20,"9":20,"10":0,"11":20,"12":20,"13":0,"14":20,"15":3,"16":9,"17":9,"18":20,"19":4,"20":4,"21":4,"22":4,"23":0,"24":20,"25":20,"26":20,"27":3,"28":20,"29":20,"30":0,"31":0,"32":20,"33":7,"34":7,"35":13,"36":13,"37":13,"38":13,"39":13,"40":3,"41":3,"42":3,"43":3,"44":3,"45":0,"46":0,"47":0,"48":0,"49":0,"50":0,"51":0,"52":3},"f":{"0":0,"1":0,"2":20,"3":9,"4":20,"5":0},"b":{"0":[0,0],"1":[0,20],"2":[0,20],"3":[20,20,20],"4":[0],"5":[4,16],"6":[20,4],"7":[0,4],"8":[4,4],"9":[3,17],"10":[0,20],"11":[7,13],"12":[0,0],"13":[0,0]}}
,"D:\\codes\\angular-task-manager\\node-backend-qa\\src\\task\\task.controllers.ts": {"path":"D:\\codes\\angular-task-manager\\node-backend-qa\\src\\task\\task.controllers.ts","statementMap":{"0":{"start":{"line":1,"column":0},"end":{"line":1,"column":null}},"1":{"start":{"line":7,"column":0},"end":{"line":7,"column":46}},"2":{"start":{"line":9,"column":20},"end":{"line":9,"column":37}},"3":{"start":{"line":14,"column":21},"end":{"line":14,"column":34}},"4":{"start":{"line":15,"column":22},"end":{"line":15,"column":60}},"5":{"start":{"line":16,"column":8},"end":{"line":16,"column":29}},"6":{"start":{"line":21,"column":21},"end":{"line":21,"column":34}},"7":{"start":{"line":22,"column":23},"end":{"line":22,"column":36}},"8":{"start":{"line":23,"column":21},"end":{"line":23,"column":63}},"9":{"start":{"line":24,"column":8},"end":{"line":24,"column":67}},"10":{"start":{"line":24,"column":19},"end":{"line":24,"column":67}},"11":{"start":{"line":25,"column":8},"end":{"line":25,"column":28}},"12":{"start":{"line":30,"column":21},"end":{"line":30,"column":34}},"13":{"start":{"line":31,"column":22},"end":{"line":31,"column":64}},"14":{"start":{"line":32,"column":25},"end":{"line":36,"column":10}},"15":{"start":{"line":37,"column":8},"end":{"line":37,"column":47}},"16":{"start":{"line":38,"column":8},"end":{"line":38,"column":69}},"17":{"start":{"line":43,"column":21},"end":{"line":43,"column":34}},"18":{"start":{"line":44,"column":23},"end":{"line":44,"column":36}},"19":{"start":{"line":45,"column":22},"end":{"line":45,"column":64}},"20":{"start":{"line":46,"column":30},"end":{"line":46,"column":42}},"21":{"start":{"line":47,"column":8},"end":{"line":47,"column":70}},"22":{"start":{"line":47,"column":27},"end":{"line":47,"column":70}},"23":{"start":{"line":48,"column":8},"end":{"line":48,"column":64}},"24":{"start":{"line":49,"column":8},"end":{"line":49,"column":64}},"25":{"start":{"line":54,"column":21},"end":{"line":54,"column":34}},"26":{"start":{"line":55,"column":23},"end":{"line":55,"column":36}},"27":{"start":{"line":56,"column":8},"end":{"line":56,"column":54}},"28":{"start":{"line":57,"column":8},"end":{"line":57,"column":64}},"29":{"start":{"line":62,"column":21},"end":{"line":62,"column":34}},"30":{"start":{"line":63,"column":27},"end":{"line":63,"column":40}},"31":{"start":{"line":64,"column":22},"end":{"line":64,"column":73}},"32":{"start":{"line":65,"column":8},"end":{"line":65,"column":29}},"33":{"start":{"line":70,"column":21},"end":{"line":70,"column":34}},"34":{"start":{"line":71,"column":29},"end":{"line":71,"column":42}},"35":{"start":{"line":72,"column":22},"end":{"line":72,"column":77}},"36":{"start":{"line":73,"column":8},"end":{"line":73,"column":29}},"37":{"start":{"line":78,"column":21},"end":{"line":78,"column":34}},"38":{"start":{"line":79,"column":31},"end":{"line":79,"column":44}},"39":{"start":{"line":80,"column":22},"end":{"line":80,"column":89}},"40":{"start":{"line":81,"column":8},"end":{"line":81,"column":29}},"41":{"start":{"line":86,"column":21},"end":{"line":86,"column":34}},"42":{"start":{"line":87,"column":23},"end":{"line":87,"column":36}},"43":{"start":{"line":88,"column":22},"end":{"line":88,"column":68}},"44":{"start":{"line":89,"column":8},"end":{"line":89,"column":77}},"45":{"start":{"line":90,"column":8},"end":{"line":90,"column":69}},"46":{"start":{"line":95,"column":21},"end":{"line":95,"column":34}},"47":{"start":{"line":96,"column":22},"end":{"line":96,"column":66}},"48":{"start":{"line":97,"column":8},"end":{"line":97,"column":29}},"49":{"start":{"line":102,"column":21},"end":{"line":102,"column":34}},"50":{"start":{"line":103,"column":22},"end":{"line":103,"column":64}},"51":{"start":{"line":104,"column":8},"end":{"line":104,"column":29}},"52":{"start":{"line":109,"column":21},"end":{"line":109,"column":34}},"53":{"start":{"line":110,"column":22},"end":{"line":110,"column":65}},"54":{"start":{"line":111,"column":8},"end":{"line":111,"column":29}},"55":{"start":{"line":116,"column":21},"end":{"line":116,"column":34}},"56":{"start":{"line":117,"column":22},"end":{"line":117,"column":64}},"57":{"start":{"line":118,"column":8},"end":{"line":118,"column":29}},"58":{"start":{"line":11,"column":0},"end":{"line":11,"column":13}}},"fnMap":{"0":{"name":"(anonymous_0)","decl":{"start":{"line":13,"column":4},"end":{"line":13,"column":9}},"loc":{"start":{"line":13,"column":28},"end":{"line":17,"column":5}}},"1":{"name":"(anonymous_1)","decl":{"start":{"line":20,"column":4},"end":{"line":20,"column":9}},"loc":{"start":{"line":20,"column":28},"end":{"line":26,"column":5}}},"2":{"name":"(anonymous_2)","decl":{"start":{"line":29,"column":4},"end":{"line":29,"column":9}},"loc":{"start":{"line":29,"column":27},"end":{"line":39,"column":5}}},"3":{"name":"(anonymous_3)","decl":{"start":{"line":42,"column":4},"end":{"line":42,"column":9}},"loc":{"start":{"line":42,"column":27},"end":{"line":50,"column":5}}},"4":{"name":"(anonymous_4)","decl":{"start":{"line":53,"column":4},"end":{"line":53,"column":9}},"loc":{"start":{"line":53,"column":27},"end":{"line":58,"column":5}}},"5":{"name":"(anonymous_5)","decl":{"start":{"line":61,"column":4},"end":{"line":61,"column":9}},"loc":{"start":{"line":61,"column":33},"end":{"line":66,"column":5}}},"6":{"name":"(anonymous_6)","decl":{"start":{"line":69,"column":4},"end":{"line":69,"column":9}},"loc":{"start":{"line":69,"column":35},"end":{"line":74,"column":5}}},"7":{"name":"(anonymous_7)","decl":{"start":{"line":77,"column":4},"end":{"line":77,"column":9}},"loc":{"start":{"line":77,"column":35},"end":{"line":82,"column":5}}},"8":{"name":"(anonymous_8)","decl":{"start":{"line":85,"column":4},"end":{"line":85,"column":9}},"loc":{"start":{"line":85,"column":37},"end":{"line":91,"column":5}}},"9":{"name":"(anonymous_9)","decl":{"start":{"line":94,"column":4},"end":{"line":94,"column":9}},"loc":{"start":{"line":94,"column":34},"end":{"line":98,"column":5}}},"10":{"name":"(anonymous_10)","decl":{"start":{"line":101,"column":4},"end":{"line":101,"column":9}},"loc":{"start":{"line":101,"column":32},"end":{"line":105,"column":5}}},"11":{"name":"(anonymous_11)","decl":{"start":{"line":108,"column":4},"end":{"line":108,"column":9}},"loc":{"start":{"line":108,"column":33},"end":{"line":112,"column":5}}},"12":{"name":"(anonymous_12)","decl":{"start":{"line":115,"column":4},"end":{"line":115,"column":9}},"loc":{"start":{"line":115,"column":32},"end":{"line":119,"column":5}}}},"branchMap":{"0":{"loc":{"start":{"line":24,"column":8},"end":{"line":24,"column":67}},"type":"if","locations":[{"start":{"line":24,"column":8},"end":{"line":24,"column":67}},{"start":{},"end":{}}]},"1":{"loc":{"start":{"line":47,"column":8},"end":{"line":47,"column":70}},"type":"if","locations":[{"start":{"line":47,"column":8},"end":{"line":47,"column":70}},{"start":{},"end":{}}]}},"s":{"0":3,"1":3,"2":3,"3":0,"4":0,"5":0,"6":0,"7":0,"8":0,"9":0,"10":0,"11":0,"12":0,"13":0,"14":0,"15":0,"16":0,"17":0,"18":0,"19":0,"20":0,"21":0,"22":0,"23":0,"24":0,"25":0,"26":0,"27":0,"28":0,"29":0,"30":0,"31":0,"32":0,"33":0,"34":0,"35":0,"36":0,"37":0,"38":0,"39":0,"40":0,"41":0,"42":0,"43":0,"44":0,"45":0,"46":0,"47":0,"48":0,"49":0,"50":0,"51":0,"52":0,"53":0,"54":0,"55":0,"56":0,"57":0,"58":3},"f":{"0":0,"1":0,"2":0,"3":0,"4":0,"5":0,"6":0,"7":0,"8":0,"9":0,"10":0,"11":0,"12":0},"b":{"0":[0,0],"1":[0,0]}}
,"D:\\codes\\angular-task-manager\\node-backend-qa\\src\\task\\task.routers.ts": {"path":"D:\\codes\\angular-task-manager\\node-backend-qa\\src\\task\\task.routers.ts","statementMap":{"0":{"start":{"line":1,"column":0},"end":{"line":1,"column":28}},"1":{"start":{"line":2,"column":0},"end":{"line":2,"column":52}},"2":{"start":{"line":3,"column":0},"end":{"line":3,"column":55}},"3":{"start":{"line":5,"column":23},"end":{"line":5,"column":43}},"4":{"start":{"line":6,"column":19},"end":{"line":6,"column":29}},"5":{"start":{"line":11,"column":0},"end":{"line":11,"column":77}},"6":{"start":{"line":11,"column":47},"end":{"line":11,"column":75}},"7":{"start":{"line":12,"column":0},"end":{"line":12,"column":77}},"8":{"start":{"line":12,"column":46},"end":{"line":12,"column":75}},"9":{"start":{"line":13,"column":0},"end":{"line":13,"column":81}},"10":{"start":{"line":13,"column":50},"end":{"line":13,"column":79}},"11":{"start":{"line":14,"column":0},"end":{"line":14,"column":80}},"12":{"start":{"line":14,"column":50},"end":{"line":14,"column":78}},"13":{"start":{"line":15,"column":0},"end":{"line":15,"column":83}},"14":{"start":{"line":15,"column":53},"end":{"line":15,"column":81}},"15":{"start":{"line":21,"column":0},"end":{"line":21,"column":97}},"16":{"start":{"line":21,"column":61},"end":{"line":21,"column":95}},"17":{"start":{"line":23,"column":0},"end":{"line":23,"column":103}},"18":{"start":{"line":23,"column":65},"end":{"line":23,"column":101}},"19":{"start":{"line":24,"column":0},"end":{"line":24,"column":105}},"20":{"start":{"line":24,"column":67},"end":{"line":24,"column":103}},"21":{"start":{"line":28,"column":0},"end":{"line":28,"column":98}},"22":{"start":{"line":28,"column":58},"end":{"line":28,"column":96}},"23":{"start":{"line":29,"column":0},"end":{"line":29,"column":93}},"24":{"start":{"line":29,"column":56},"end":{"line":29,"column":91}},"25":{"start":{"line":30,"column":0},"end":{"line":30,"column":89}},"26":{"start":{"line":30,"column":54},"end":{"line":30,"column":87}},"27":{"start":{"line":31,"column":0},"end":{"line":31,"column":92}},"28":{"start":{"line":31,"column":56},"end":{"line":31,"column":90}},"29":{"start":{"line":32,"column":0},"end":{"line":32,"column":89}},"30":{"start":{"line":32,"column":54},"end":{"line":32,"column":87}},"31":{"start":{"line":34,"column":0},"end":{"line":34,"column":26}}},"fnMap":{"0":{"name":"(anonymous_0)","decl":{"start":{"line":11,"column":40},"end":{"line":11,"column":41}},"loc":{"start":{"line":11,"column":47},"end":{"line":11,"column":75}}},"1":{"name":"(anonymous_1)","decl":{"start":{"line":12,"column":39},"end":{"line":12,"column":40}},"loc":{"start":{"line":12,"column":46},"end":{"line":12,"column":75}}},"2":{"name":"(anonymous_2)","decl":{"start":{"line":13,"column":43},"end":{"line":13,"column":44}},"loc":{"start":{"line":13,"column":50},"end":{"line":13,"column":79}}},"3":{"name":"(anonymous_3)","decl":{"start":{"line":14,"column":43},"end":{"line":14,"column":44}},"loc":{"start":{"line":14,"column":50},"end":{"line":14,"column":78}}},"4":{"name":"(anonymous_4)","decl":{"start":{"line":15,"column":46},"end":{"line":15,"column":47}},"loc":{"start":{"line":15,"column":53},"end":{"line":15,"column":81}}},"5":{"name":"(anonymous_5)","decl":{"start":{"line":21,"column":54},"end":{"line":21,"column":55}},"loc":{"start":{"line":21,"column":61},"end":{"line":21,"column":95}}},"6":{"name":"(anonymous_6)","decl":{"start":{"line":23,"column":58},"end":{"line":23,"column":59}},"loc":{"start":{"line":23,"column":65},"end":{"line":23,"column":101}}},"7":{"name":"(anonymous_7)","decl":{"start":{"line":24,"column":60},"end":{"line":24,"column":61}},"loc":{"start":{"line":24,"column":67},"end":{"line":24,"column":103}}},"8":{"name":"(anonymous_8)","decl":{"start":{"line":28,"column":51},"end":{"line":28,"column":52}},"loc":{"start":{"line":28,"column":58},"end":{"line":28,"column":96}}},"9":{"name":"(anonymous_9)","decl":{"start":{"line":29,"column":49},"end":{"line":29,"column":50}},"loc":{"start":{"line":29,"column":56},"end":{"line":29,"column":91}}},"10":{"name":"(anonymous_10)","decl":{"start":{"line":30,"column":47},"end":{"line":30,"column":48}},"loc":{"start":{"line":30,"column":54},"end":{"line":30,"column":87}}},"11":{"name":"(anonymous_11)","decl":{"start":{"line":31,"column":49},"end":{"line":31,"column":50}},"loc":{"start":{"line":31,"column":56},"end":{"line":31,"column":90}}},"12":{"name":"(anonymous_12)","decl":{"start":{"line":32,"column":47},"end":{"line":32,"column":48}},"loc":{"start":{"line":32,"column":54},"end":{"line":32,"column":87}}}},"branchMap":{},"s":{"0":3,"1":3,"2":3,"3":3,"4":3,"5":3,"6":0,"7":3,"8":0,"9":3,"10":0,"11":3,"12":0,"13":3,"14":0,"15":3,"16":0,"17":3,"18":0,"19":3,"20":0,"21":3,"22":0,"23":3,"24":0,"25":3,"26":0,"27":3,"28":0,"29":3,"30":0,"31":3},"f":{"0":0,"1":0,"2":0,"3":0,"4":0,"5":0,"6":0,"7":0,"8":0,"9":0,"10":0,"11":0,"12":0},"b":{}}
,"D:\\codes\\angular-task-manager\\node-backend-qa\\src\\task\\task.services.ts": {"path":"D:\\codes\\angular-task-manager\\node-backend-qa\\src\\task\\task.services.ts","statementMap":{"0":{"start":{"line":1,"column":0},"end":{"line":1,"column":34}},"1":{"start":{"line":2,"column":0},"end":{"line":2,"column":31}},"2":{"start":{"line":3,"column":0},"end":{"line":3,"column":54}},"3":{"start":{"line":7,"column":8},"end":{"line":7,"column":44}},"4":{"start":{"line":8,"column":8},"end":{"line":8,"column":43}},"5":{"start":{"line":12,"column":8},"end":{"line":14,"column":11}},"6":{"start":{"line":18,"column":8},"end":{"line":20,"column":11}},"7":{"start":{"line":24,"column":8},"end":{"line":26,"column":77}},"8":{"start":{"line":27,"column":8},"end":{"line":27,"column":43}},"9":{"start":{"line":31,"column":8},"end":{"line":32,"column":77}},"10":{"start":{"line":33,"column":8},"end":{"line":33,"column":43}},"11":{"start":{"line":37,"column":8},"end":{"line":39,"column":11}},"12":{"start":{"line":43,"column":8},"end":{"line":45,"column":11}},"13":{"start":{"line":49,"column":8},"end":{"line":51,"column":11}},"14":{"start":{"line":55,"column":8},"end":{"line":57,"column":77}},"15":{"start":{"line":58,"column":8},"end":{"line":58,"column":48}},"16":{"start":{"line":62,"column":8},"end":{"line":64,"column":11}},"17":{"start":{"line":68,"column":8},"end":{"line":70,"column":11}},"18":{"start":{"line":74,"column":22},"end":{"line":74,"column":32}},"19":{"start":{"line":75,"column":27},"end":{"line":75,"column":91}},"20":{"start":{"line":76,"column":25},"end":{"line":76,"column":93}},"21":{"start":{"line":78,"column":8},"end":{"line":80,"column":11}},"22":{"start":{"line":84,"column":20},"end":{"line":84,"column":30}},"23":{"start":{"line":86,"column":8},"end":{"line":88,"column":11}},"24":{"start":{"line":5,"column":0},"end":{"line":5,"column":13}}},"fnMap":{"0":{"name":"(anonymous_1)","decl":{"start":{"line":6,"column":4},"end":{"line":6,"column":9}},"loc":{"start":{"line":6,"column":52},"end":{"line":9,"column":5}}},"1":{"name":"(anonymous_2)","decl":{"start":{"line":11,"column":4},"end":{"line":11,"column":9}},"loc":{"start":{"line":11,"column":36},"end":{"line":15,"column":5}}},"2":{"name":"(anonymous_3)","decl":{"start":{"line":17,"column":4},"end":{"line":17,"column":9}},"loc":{"start":{"line":17,"column":48},"end":{"line":21,"column":5}}},"3":{"name":"(anonymous_4)","decl":{"start":{"line":23,"column":4},"end":{"line":23,"column":9}},"loc":{"start":{"line":23,"column":93},"end":{"line":28,"column":5}}},"4":{"name":"(anonymous_5)","decl":{"start":{"line":30,"column":4},"end":{"line":30,"column":9}},"loc":{"start":{"line":30,"column":51},"end":{"line":34,"column":5}}},"5":{"name":"(anonymous_6)","decl":{"start":{"line":36,"column":4},"end":{"line":36,"column":9}},"loc":{"start":{"line":36,"column":57},"end":{"line":40,"column":5}}},"6":{"name":"(anonymous_7)","decl":{"start":{"line":42,"column":4},"end":{"line":42,"column":9}},"loc":{"start":{"line":42,"column":61},"end":{"line":46,"column":5}}},"7":{"name":"(anonymous_8)","decl":{"start":{"line":48,"column":4},"end":{"line":48,"column":9}},"loc":{"start":{"line":48,"column":63},"end":{"line":52,"column":5}}},"8":{"name":"(anonymous_9)","decl":{"start":{"line":54,"column":4},"end":{"line":54,"column":9}},"loc":{"start":{"line":54,"column":77},"end":{"line":59,"column":5}}},"9":{"name":"(anonymous_10)","decl":{"start":{"line":61,"column":4},"end":{"line":61,"column":9}},"loc":{"start":{"line":61,"column":42},"end":{"line":65,"column":5}}},"10":{"name":"(anonymous_11)","decl":{"start":{"line":67,"column":4},"end":{"line":67,"column":9}},"loc":{"start":{"line":67,"column":40},"end":{"line":71,"column":5}}},"11":{"name":"(anonymous_12)","decl":{"start":{"line":73,"column":4},"end":{"line":73,"column":9}},"loc":{"start":{"line":73,"column":41},"end":{"line":81,"column":5}}},"12":{"name":"(anonymous_13)","decl":{"start":{"line":83,"column":4},"end":{"line":83,"column":9}},"loc":{"start":{"line":83,"column":40},"end":{"line":89,"column":5}}}},"branchMap":{},"s":{"0":4,"1":4,"2":4,"3":1,"4":1,"5":2,"6":2,"7":1,"8":1,"9":1,"10":1,"11":2,"12":2,"13":2,"14":2,"15":2,"16":2,"17":2,"18":2,"19":2,"20":2,"21":2,"22":2,"23":2,"24":4},"f":{"0":1,"1":2,"2":2,"3":1,"4":1,"5":2,"6":2,"7":2,"8":2,"9":2,"10":2,"11":2,"12":2},"b":{}}
,"D:\\codes\\angular-task-manager\\node-backend-qa\\src\\validators\\category.validator.ts": {"path":"D:\\codes\\angular-task-manager\\node-backend-qa\\src\\validators\\category.validator.ts","statementMap":{"0":{"start":{"line":1,"column":0},"end":{"line":1,"column":24}},"1":{"start":{"line":3,"column":13},"end":{"line":7,"column":3}},"2":{"start":{"line":9,"column":13},"end":{"line":13,"column":3}}},"fnMap":{},"branchMap":{},"s":{"0":3,"1":3,"2":3},"f":{},"b":{}}
,"D:\\codes\\angular-task-manager\\node-backend-qa\\src\\validators\\task.validator.ts": {"path":"D:\\codes\\angular-task-manager\\node-backend-qa\\src\\validators\\task.validator.ts","statementMap":{"0":{"start":{"line":1,"column":0},"end":{"line":1,"column":24}},"1":{"start":{"line":3,"column":13},"end":{"line":10,"column":3}},"2":{"start":{"line":12,"column":13},"end":{"line":20,"column":3}},"3":{"start":{"line":22,"column":13},"end":{"line":24,"column":3}},"4":{"start":{"line":26,"column":13},"end":{"line":28,"column":3}}},"fnMap":{},"branchMap":{},"s":{"0":3,"1":3,"2":3,"3":3,"4":3},"f":{},"b":{}}
,"D:\\codes\\angular-task-manager\\node-backend-qa\\src\\validators\\user.validator.ts": {"path":"D:\\codes\\angular-task-manager\\node-backend-qa\\src\\validators\\user.validator.ts","statementMap":{"0":{"start":{"line":1,"column":0},"end":{"line":1,"column":24}},"1":{"start":{"line":3,"column":13},"end":{"line":8,"column":3}},"2":{"start":{"line":10,"column":13},"end":{"line":13,"column":3}}},"fnMap":{},"branchMap":{},"s":{"0":3,"1":3,"2":3},"f":{},"b":{}}
}
