TN:
SF:src\index.ts
FNF:0
FNH:0
DA:1,0
DA:2,0
DA:4,0
DA:6,0
DA:10,0
LF:5
LH:0
BRDA:4,0,0,0
BRDA:4,0,1,0
BRF:2
BRH:0
end_of_record
TN:
SF:src\server.ts
FN:41,(anonymous_1)
FN:52,(anonymous_2)
FN:60,(anonymous_3)
FN:69,(anonymous_4)
FNF:4
FNH:0
FNDA:0,(anonymous_1)
FNDA:0,(anonymous_2)
FNDA:0,(anonymous_3)
FNDA:0,(anonymous_4)
DA:1,3
DA:2,3
DA:3,3
DA:4,3
DA:6,3
DA:7,3
DA:8,3
DA:9,3
DA:10,3
DA:11,3
DA:16,3
DA:19,3
DA:20,3
DA:27,3
DA:28,3
DA:31,3
DA:32,3
DA:33,3
DA:36,3
DA:37,3
DA:38,3
DA:41,3
DA:42,0
DA:43,0
DA:45,0
DA:52,3
DA:53,0
DA:60,3
DA:67,0
DA:69,3
DA:70,0
DA:71,0
DA:72,0
DA:79,3
DA:80,3
DA:81,3
DA:84,3
DA:85,0
DA:91,3
LF:39
LH:30
BRDA:47,0,0,0
BRDA:47,0,1,0
BRDA:79,1,0,0
BRDA:79,1,1,3
BRDA:84,2,0,0
BRDA:84,2,1,3
BRF:6
BRH:2
end_of_record
TN:
SF:src\auth\auth.controllers.ts
FN:8,(anonymous_0)
FN:25,(anonymous_1)
FN:43,(anonymous_2)
FN:48,(anonymous_3)
FN:55,(anonymous_4)
FNF:5
FNH:2
FNDA:6,(anonymous_0)
FNDA:4,(anonymous_1)
FNDA:0,(anonymous_2)
FNDA:0,(anonymous_3)
FNDA:0,(anonymous_4)
DA:1,3
DA:2,3
DA:3,3
DA:5,3
DA:7,3
DA:9,6
DA:10,6
DA:11,6
DA:12,3
DA:13,3
DA:15,3
DA:16,3
DA:17,2
DA:18,2
DA:20,1
DA:21,1
DA:26,4
DA:27,4
DA:28,4
DA:29,0
DA:30,0
DA:32,4
DA:33,4
DA:34,2
DA:36,2
DA:38,2
DA:39,2
DA:44,0
DA:45,0
DA:49,0
DA:50,0
DA:51,0
DA:52,0
DA:56,0
DA:57,0
DA:58,0
DA:59,0
DA:60,0
DA:62,0
LF:39
LH:25
BRDA:11,0,0,3
BRDA:11,0,1,3
BRDA:28,1,0,0
BRDA:28,1,1,4
BRDA:51,2,0,0
BRDA:51,2,1,0
BRF:6
BRH:3
end_of_record
TN:
SF:src\auth\auth.routers.ts
FN:7,(anonymous_0)
FN:8,(anonymous_1)
FN:9,(anonymous_2)
FN:10,(anonymous_3)
FN:11,(anonymous_4)
FNF:5
FNH:2
FNDA:6,(anonymous_0)
FNDA:4,(anonymous_1)
FNDA:0,(anonymous_2)
FNDA:0,(anonymous_3)
FNDA:0,(anonymous_4)
DA:1,3
DA:2,3
DA:4,3
DA:5,3
DA:7,6
DA:8,4
DA:9,3
DA:10,3
DA:11,3
DA:13,3
LF:10
LH:10
BRF:0
BRH:0
end_of_record
TN:
SF:src\auth\auth.services.ts
FN:10,(anonymous_1)
FN:17,(anonymous_2)
FN:23,(anonymous_3)
FN:49,(anonymous_4)
FN:61,(anonymous_5)
FN:71,(anonymous_6)
FNF:6
FNH:6
FNDA:4,(anonymous_1)
FNDA:2,(anonymous_2)
FNDA:7,(anonymous_3)
FNDA:1,(anonymous_4)
FNDA:2,(anonymous_5)
FNDA:2,(anonymous_6)
DA:1,4
DA:2,4
DA:3,4
DA:4,4
DA:5,4
DA:7,4
DA:9,4
DA:12,4
DA:13,4
DA:14,3
DA:18,2
DA:24,7
DA:25,7
DA:35,7
DA:36,5
DA:37,5
DA:39,3
DA:41,3
DA:46,3
DA:50,1
DA:62,2
DA:63,1
DA:65,2
DA:68,2
DA:72,2
LF:25
LH:25
BRDA:7,0,0,4
BRDA:7,0,1,4
BRDA:35,1,0,2
BRDA:35,1,1,5
BRDA:37,2,0,2
BRDA:37,2,1,3
BRDA:62,3,0,1
BRDA:62,3,1,1
BRF:8
BRH:8
end_of_record
TN:
SF:src\categories\categories.controllers.ts
FN:8,(anonymous_0)
FN:15,(anonymous_1)
FN:24,(anonymous_2)
FN:36,(anonymous_3)
FN:45,(anonymous_4)
FNF:5
FNH:0
FNDA:0,(anonymous_0)
FNDA:0,(anonymous_1)
FNDA:0,(anonymous_2)
FNDA:0,(anonymous_3)
FNDA:0,(anonymous_4)
DA:1,3
DA:2,3
DA:4,3
DA:6,3
DA:9,0
DA:10,0
DA:11,0
DA:16,0
DA:17,0
DA:18,0
DA:19,0
DA:20,0
DA:25,0
DA:26,0
DA:27,0
DA:31,0
DA:32,0
DA:37,0
DA:38,0
DA:39,0
DA:40,0
DA:41,0
DA:46,0
DA:47,0
DA:48,0
DA:49,0
LF:26
LH:4
BRDA:19,0,0,0
BRDA:19,0,1,0
BRF:2
BRH:0
end_of_record
TN:
SF:src\categories\categories.route.ts
FN:9,(anonymous_0)
FN:10,(anonymous_1)
FN:11,(anonymous_2)
FN:12,(anonymous_3)
FN:13,(anonymous_4)
FNF:5
FNH:0
FNDA:0,(anonymous_0)
FNDA:0,(anonymous_1)
FNDA:0,(anonymous_2)
FNDA:0,(anonymous_3)
FNDA:0,(anonymous_4)
DA:1,3
DA:2,3
DA:3,3
DA:5,3
DA:6,3
DA:9,3
DA:10,3
DA:11,3
DA:12,3
DA:13,3
DA:15,3
LF:11
LH:11
BRF:0
BRH:0
end_of_record
TN:
SF:src\categories\categories.service.ts
FN:6,(anonymous_1)
FN:11,(anonymous_2)
FN:17,(anonymous_3)
FN:23,(anonymous_4)
FN:30,(anonymous_5)
FNF:5
FNH:0
FNDA:0,(anonymous_1)
FNDA:0,(anonymous_2)
FNDA:0,(anonymous_3)
FNDA:0,(anonymous_4)
FNDA:0,(anonymous_5)
DA:1,3
DA:2,3
DA:3,3
DA:5,3
DA:7,0
DA:8,0
DA:12,0
DA:18,0
DA:24,0
DA:27,0
DA:31,0
DA:33,0
LF:12
LH:4
BRF:0
BRH:0
end_of_record
TN:
SF:src\drizzle\db.ts
FNF:0
FNH:0
DA:1,5
DA:2,5
DA:3,5
DA:4,5
DA:6,5
DA:10,5
DA:11,5
DA:12,5
LF:8
LH:8
BRF:0
BRH:0
end_of_record
TN:
SF:src\drizzle\migrate.ts
FN:11,migration
FN:21,(anonymous_2)
FNF:2
FNH:0
FNDA:0,migration
FNDA:0,(anonymous_2)
DA:1,0
DA:2,0
DA:4,0
DA:5,0
DA:6,0
DA:7,0
DA:9,0
DA:13,0
DA:14,0
DA:15,0
DA:16,0
DA:17,0
DA:21,0
DA:22,0
DA:23,0
LF:15
LH:0
BRF:0
BRH:0
end_of_record
TN:
SF:src\drizzle\reset.ts
FN:4,resetDatabase
FN:37,(anonymous_1)
FNF:2
FNH:0
FNDA:0,resetDatabase
FNDA:0,(anonymous_1)
DA:1,0
DA:2,0
DA:5,0
DA:7,0
DA:9,0
DA:17,0
DA:20,0
DA:24,0
DA:27,0
DA:28,0
DA:30,0
DA:33,0
DA:34,0
DA:37,0
DA:38,0
DA:39,0
LF:16
LH:0
BRF:0
BRH:0
end_of_record
TN:
SF:src\drizzle\schema.ts
FN:28,(anonymous_0)
FN:43,(anonymous_1)
FN:44,(anonymous_2)
FNF:3
FNH:0
FNDA:0,(anonymous_0)
FNDA:0,(anonymous_1)
FNDA:0,(anonymous_2)
DA:1,7
DA:5,7
DA:6,7
DA:9,7
DA:21,7
DA:28,0
DA:35,7
DA:43,0
DA:44,0
LF:9
LH:6
BRF:0
BRH:0
end_of_record
TN:
SF:src\drizzle\seed.ts
FN:14,seed
FN:53,(anonymous_1)
FNF:2
FNH:0
FNDA:0,seed
FNDA:0,(anonymous_1)
DA:1,0
DA:2,0
DA:4,0
DA:5,0
DA:8,0
DA:12,0
DA:15,0
DA:16,0
DA:19,0
DA:52,0
DA:53,0
DA:55,0
DA:57,0
DA:58,0
DA:62,0
LF:15
LH:0
BRF:0
BRH:0
end_of_record
TN:
SF:src\middlewares\bearAuth.ts
FN:16,(anonymous_1)
FN:26,(anonymous_2)
FN:40,(anonymous_3)
FN:41,(anonymous_4)
FNF:4
FNH:2
FNDA:0,(anonymous_1)
FNDA:0,(anonymous_2)
FNDA:15,(anonymous_3)
FNDA:3,(anonymous_4)
DA:1,3
DA:16,3
DA:17,0
DA:18,0
DA:19,0
DA:21,0
DA:26,3
DA:27,0
DA:29,0
DA:31,0
DA:33,0
DA:35,0
DA:40,3
DA:41,15
DA:43,3
DA:46,3
DA:49,3
DA:50,3
DA:54,0
DA:55,0
DA:56,0
DA:57,0
DA:61,0
DA:62,0
DA:63,0
DA:64,0
DA:68,0
DA:69,0
DA:73,0
DA:74,0
DA:78,0
DA:79,0
DA:87,0
DA:89,0
DA:94,3
DA:95,3
DA:96,3
DA:99,3
DA:102,3
LF:39
LH:14
BRDA:18,0,0,0
BRDA:18,0,1,0
BRDA:27,1,0,0
BRDA:27,1,1,0
BRDA:27,1,2,0
BRDA:27,1,3,0
BRDA:29,2,0,0
BRDA:29,2,1,0
BRDA:46,3,0,3
BRDA:46,3,1,3
BRDA:49,4,0,3
BRDA:49,4,1,0
BRDA:49,5,0,3
BRDA:49,5,1,0
BRDA:56,6,0,0
BRDA:56,6,1,0
BRDA:63,7,0,0
BRDA:63,7,1,0
BRDA:68,8,0,0
BRDA:68,8,1,0
BRDA:68,9,0,0
BRDA:68,9,1,0
BRDA:73,10,0,0
BRDA:73,10,1,0
BRDA:78,11,0,0
BRDA:78,11,1,0
BRF:26
BRH:4
end_of_record
TN:
SF:src\middlewares\logger.ts
FN:77,(anonymous_0)
FN:89,(anonymous_1)
FN:123,(anonymous_2)
FN:151,(anonymous_3)
FN:155,(anonymous_4)
FN:159,(anonymous_5)
FN:163,(anonymous_6)
FN:170,(anonymous_7)
FNF:8
FNH:5
FNDA:4,(anonymous_0)
FNDA:20,(anonymous_1)
FNDA:0,(anonymous_2)
FNDA:0,(anonymous_3)
FNDA:4,(anonymous_4)
FNDA:3,(anonymous_5)
FNDA:3,(anonymous_6)
FNDA:0,(anonymous_7)
DA:77,3
DA:78,4
DA:79,0
DA:86,4
DA:89,3
DA:90,20
DA:91,20
DA:92,20
DA:95,20
DA:96,20
DA:99,20
DA:100,20
DA:102,20
DA:103,20
DA:104,20
DA:107,20
DA:108,20
DA:109,15
DA:110,5
DA:111,1
DA:115,20
DA:118,20
DA:119,16
DA:120,16
DA:122,16
DA:123,16
DA:124,16
DA:129,0
DA:132,16
DA:135,4
DA:139,0
DA:140,0
DA:142,0
DA:145,0
DA:150,3
DA:152,0
DA:156,4
DA:164,3
DA:165,3
DA:171,0
DA:172,0
LF:41
LH:32
BRDA:78,0,0,0
BRDA:78,0,1,4
BRDA:82,1,0,0
BRDA:82,1,1,0
BRDA:83,2,0,0
BRDA:83,2,1,0
BRDA:83,3,0,0
BRDA:83,3,1,0
BRDA:95,4,0,20
BRDA:95,4,1,0
BRDA:108,5,0,15
BRDA:108,5,1,5
BRDA:108,6,0,20
BRDA:108,6,1,16
BRDA:110,7,0,1
BRDA:110,7,1,4
BRDA:118,8,0,16
BRDA:118,8,1,4
BRDA:126,9,0,16
BRDA:126,9,1,0
BRDA:126,10,0,16
BRDA:126,10,1,16
BRDA:152,11,0,0
BRDA:152,11,1,0
BRDA:156,12,0,4
BRDA:156,12,1,0
BRDA:165,13,0,3
BRDA:165,13,1,0
BRDA:171,14,0,0
BRDA:171,14,1,0
BRDA:171,15,0,0
BRDA:171,15,1,0
BRDA:172,16,0,0
BRDA:172,16,1,0
BRF:34
BRH:15
end_of_record
TN:
SF:src\middlewares\rateLimiter.ts
FN:28,(anonymous_0)
FN:30,(anonymous_1)
FN:38,(anonymous_2)
FN:58,(anonymous_3)
FN:61,(anonymous_4)
FN:138,(anonymous_5)
FNF:6
FNH:3
FNDA:0,(anonymous_0)
FNDA:0,(anonymous_1)
FNDA:20,(anonymous_2)
FNDA:9,(anonymous_3)
FNDA:20,(anonymous_4)
FNDA:0,(anonymous_5)
DA:11,3
DA:25,3
DA:28,3
DA:29,0
DA:30,0
DA:31,0
DA:32,0
DA:38,3
DA:40,20
DA:41,20
DA:42,0
DA:46,20
DA:47,20
DA:48,0
DA:52,20
DA:58,3
DA:59,9
DA:61,9
DA:63,20
DA:67,4
DA:68,4
DA:69,4
DA:71,4
DA:72,0
DA:76,20
DA:77,20
DA:80,20
DA:81,3
DA:87,20
DA:90,20
DA:91,0
DA:92,0
DA:96,20
DA:97,7
DA:99,7
DA:107,13
DA:110,13
DA:111,13
DA:112,13
DA:114,13
DA:119,3
DA:125,3
DA:131,3
DA:138,3
DA:139,0
DA:140,0
DA:141,0
DA:148,0
DA:149,0
DA:150,0
DA:157,0
LF:51
LH:35
BRDA:31,0,0,0
BRDA:31,0,1,0
BRDA:41,1,0,0
BRDA:41,1,1,20
BRDA:47,2,0,0
BRDA:47,2,1,20
BRDA:52,3,0,20
BRDA:52,3,1,20
BRDA:52,3,2,20
BRDA:58,4,0,0
BRDA:63,5,0,4
BRDA:63,5,1,16
BRDA:64,6,0,20
BRDA:64,6,1,4
BRDA:71,7,0,0
BRDA:71,7,1,4
BRDA:71,8,0,4
BRDA:71,8,1,4
BRDA:80,9,0,3
BRDA:80,9,1,17
BRDA:90,10,0,0
BRDA:90,10,1,20
BRDA:96,11,0,7
BRDA:96,11,1,13
BRDA:140,12,0,0
BRDA:140,12,1,0
BRDA:149,13,0,0
BRDA:149,13,1,0
BRF:28
BRH:17
end_of_record
TN:
SF:src\task\task.controllers.ts
FN:13,(anonymous_0)
FN:20,(anonymous_1)
FN:29,(anonymous_2)
FN:42,(anonymous_3)
FN:53,(anonymous_4)
FN:61,(anonymous_5)
FN:69,(anonymous_6)
FN:77,(anonymous_7)
FN:85,(anonymous_8)
FN:94,(anonymous_9)
FN:101,(anonymous_10)
FN:108,(anonymous_11)
FN:115,(anonymous_12)
FNF:13
FNH:0
FNDA:0,(anonymous_0)
FNDA:0,(anonymous_1)
FNDA:0,(anonymous_2)
FNDA:0,(anonymous_3)
FNDA:0,(anonymous_4)
FNDA:0,(anonymous_5)
FNDA:0,(anonymous_6)
FNDA:0,(anonymous_7)
FNDA:0,(anonymous_8)
FNDA:0,(anonymous_9)
FNDA:0,(anonymous_10)
FNDA:0,(anonymous_11)
FNDA:0,(anonymous_12)
DA:1,3
DA:7,3
DA:9,3
DA:11,3
DA:14,0
DA:15,0
DA:16,0
DA:21,0
DA:22,0
DA:23,0
DA:24,0
DA:25,0
DA:30,0
DA:31,0
DA:32,0
DA:37,0
DA:38,0
DA:43,0
DA:44,0
DA:45,0
DA:46,0
DA:47,0
DA:48,0
DA:49,0
DA:54,0
DA:55,0
DA:56,0
DA:57,0
DA:62,0
DA:63,0
DA:64,0
DA:65,0
DA:70,0
DA:71,0
DA:72,0
DA:73,0
DA:78,0
DA:79,0
DA:80,0
DA:81,0
DA:86,0
DA:87,0
DA:88,0
DA:89,0
DA:90,0
DA:95,0
DA:96,0
DA:97,0
DA:102,0
DA:103,0
DA:104,0
DA:109,0
DA:110,0
DA:111,0
DA:116,0
DA:117,0
DA:118,0
LF:57
LH:4
BRDA:24,0,0,0
BRDA:24,0,1,0
BRDA:47,1,0,0
BRDA:47,1,1,0
BRF:4
BRH:0
end_of_record
TN:
SF:src\task\task.routers.ts
FN:11,(anonymous_0)
FN:12,(anonymous_1)
FN:13,(anonymous_2)
FN:14,(anonymous_3)
FN:15,(anonymous_4)
FN:21,(anonymous_5)
FN:23,(anonymous_6)
FN:24,(anonymous_7)
FN:28,(anonymous_8)
FN:29,(anonymous_9)
FN:30,(anonymous_10)
FN:31,(anonymous_11)
FN:32,(anonymous_12)
FNF:13
FNH:0
FNDA:0,(anonymous_0)
FNDA:0,(anonymous_1)
FNDA:0,(anonymous_2)
FNDA:0,(anonymous_3)
FNDA:0,(anonymous_4)
FNDA:0,(anonymous_5)
FNDA:0,(anonymous_6)
FNDA:0,(anonymous_7)
FNDA:0,(anonymous_8)
FNDA:0,(anonymous_9)
FNDA:0,(anonymous_10)
FNDA:0,(anonymous_11)
FNDA:0,(anonymous_12)
DA:1,3
DA:2,3
DA:3,3
DA:5,3
DA:6,3
DA:11,3
DA:12,3
DA:13,3
DA:14,3
DA:15,3
DA:21,3
DA:23,3
DA:24,3
DA:28,3
DA:29,3
DA:30,3
DA:31,3
DA:32,3
DA:34,3
LF:19
LH:19
BRF:0
BRH:0
end_of_record
TN:
SF:src\task\task.services.ts
FN:6,(anonymous_1)
FN:11,(anonymous_2)
FN:17,(anonymous_3)
FN:23,(anonymous_4)
FN:30,(anonymous_5)
FN:36,(anonymous_6)
FN:42,(anonymous_7)
FN:48,(anonymous_8)
FN:54,(anonymous_9)
FN:61,(anonymous_10)
FN:67,(anonymous_11)
FN:73,(anonymous_12)
FN:83,(anonymous_13)
FNF:13
FNH:13
FNDA:1,(anonymous_1)
FNDA:2,(anonymous_2)
FNDA:2,(anonymous_3)
FNDA:1,(anonymous_4)
FNDA:1,(anonymous_5)
FNDA:2,(anonymous_6)
FNDA:2,(anonymous_7)
FNDA:2,(anonymous_8)
FNDA:2,(anonymous_9)
FNDA:2,(anonymous_10)
FNDA:2,(anonymous_11)
FNDA:2,(anonymous_12)
FNDA:2,(anonymous_13)
DA:1,4
DA:2,4
DA:3,4
DA:5,4
DA:7,1
DA:8,1
DA:12,2
DA:18,2
DA:24,1
DA:27,1
DA:31,1
DA:33,1
DA:37,2
DA:43,2
DA:49,2
DA:55,2
DA:58,2
DA:62,2
DA:68,2
DA:74,2
DA:75,2
DA:76,2
DA:78,2
DA:84,2
DA:86,2
LF:25
LH:25
BRF:0
BRH:0
end_of_record
TN:
SF:src\validators\category.validator.ts
FNF:0
FNH:0
DA:1,3
DA:3,3
DA:9,3
LF:3
LH:3
BRF:0
BRH:0
end_of_record
TN:
SF:src\validators\task.validator.ts
FNF:0
FNH:0
DA:1,3
DA:3,3
DA:12,3
DA:22,3
DA:26,3
LF:5
LH:5
BRF:0
BRH:0
end_of_record
TN:
SF:src\validators\user.validator.ts
FNF:0
FNH:0
DA:1,3
DA:3,3
DA:10,3
LF:3
LH:3
BRF:0
BRH:0
end_of_record
