TN:
SF:src\index.ts
FNF:0
FNH:0
DA:1,0
DA:2,0
DA:4,0
DA:6,0
DA:10,0
LF:5
LH:0
BRDA:4,0,0,0
BRDA:4,0,1,0
BRF:2
BRH:0
end_of_record
TN:
SF:src\server.ts
FN:39,(anonymous_1)
FN:50,(anonymous_2)
FN:58,(anonymous_3)
FNF:3
FNH:0
FNDA:0,(anonymous_1)
FNDA:0,(anonymous_2)
FNDA:0,(anonymous_3)
DA:1,2
DA:2,2
DA:4,2
DA:5,2
DA:6,2
DA:7,2
DA:8,2
DA:9,2
DA:10,2
DA:15,2
DA:18,2
DA:19,2
DA:26,2
DA:27,2
DA:30,2
DA:31,2
DA:32,2
DA:35,2
DA:36,2
DA:39,2
DA:40,0
DA:41,0
DA:43,0
DA:50,2
DA:51,0
DA:58,2
DA:59,0
DA:60,0
DA:61,0
DA:63,0
DA:67,2
DA:68,2
DA:70,2
LF:33
LH:25
BRDA:45,0,0,0
BRDA:45,0,1,0
BRDA:67,1,0,0
BRDA:67,1,1,2
BRF:4
BRH:1
end_of_record
TN:
SF:src\auth\auth.controllers.ts
FN:8,(anonymous_0)
FN:25,(anonymous_1)
FN:43,(anonymous_2)
FN:48,(anonymous_3)
FN:55,(anonymous_4)
FNF:5
FNH:2
FNDA:5,(anonymous_0)
FNDA:3,(anonymous_1)
FNDA:0,(anonymous_2)
FNDA:0,(anonymous_3)
FNDA:0,(anonymous_4)
DA:1,2
DA:2,2
DA:3,2
DA:5,2
DA:7,2
DA:9,5
DA:10,5
DA:11,5
DA:12,3
DA:13,3
DA:15,2
DA:16,2
DA:17,1
DA:18,1
DA:20,1
DA:21,1
DA:26,3
DA:27,3
DA:28,3
DA:29,0
DA:30,0
DA:32,3
DA:33,3
DA:34,1
DA:36,1
DA:38,2
DA:39,2
DA:44,0
DA:45,0
DA:49,0
DA:50,0
DA:51,0
DA:52,0
DA:56,0
DA:57,0
DA:58,0
DA:59,0
DA:60,0
DA:62,0
LF:39
LH:25
BRDA:11,0,0,3
BRDA:11,0,1,2
BRDA:28,1,0,0
BRDA:28,1,1,3
BRDA:51,2,0,0
BRDA:51,2,1,0
BRF:6
BRH:3
end_of_record
TN:
SF:src\auth\auth.routers.ts
FN:7,(anonymous_0)
FN:8,(anonymous_1)
FN:9,(anonymous_2)
FN:10,(anonymous_3)
FN:11,(anonymous_4)
FNF:5
FNH:2
FNDA:5,(anonymous_0)
FNDA:3,(anonymous_1)
FNDA:0,(anonymous_2)
FNDA:0,(anonymous_3)
FNDA:0,(anonymous_4)
DA:1,2
DA:2,2
DA:4,2
DA:5,2
DA:7,5
DA:8,3
DA:9,2
DA:10,2
DA:11,2
DA:13,2
LF:10
LH:10
BRF:0
BRH:0
end_of_record
TN:
SF:src\auth\auth.services.ts
FN:10,(anonymous_1)
FN:17,(anonymous_2)
FN:23,(anonymous_3)
FN:49,(anonymous_4)
FN:61,(anonymous_5)
FN:71,(anonymous_6)
FNF:6
FNH:6
FNDA:3,(anonymous_1)
FNDA:2,(anonymous_2)
FNDA:6,(anonymous_3)
FNDA:1,(anonymous_4)
FNDA:2,(anonymous_5)
FNDA:2,(anonymous_6)
DA:1,3
DA:2,3
DA:3,3
DA:4,3
DA:5,3
DA:7,3
DA:9,3
DA:12,3
DA:13,3
DA:14,2
DA:18,2
DA:24,6
DA:25,6
DA:35,6
DA:36,4
DA:37,4
DA:39,2
DA:41,2
DA:46,2
DA:50,1
DA:62,2
DA:63,1
DA:65,2
DA:68,2
DA:72,2
LF:25
LH:25
BRDA:7,0,0,3
BRDA:7,0,1,3
BRDA:35,1,0,2
BRDA:35,1,1,4
BRDA:37,2,0,2
BRDA:37,2,1,2
BRDA:62,3,0,1
BRDA:62,3,1,1
BRF:8
BRH:8
end_of_record
TN:
SF:src\drizzle\db.ts
FNF:0
FNH:0
DA:1,4
DA:2,4
DA:3,4
DA:4,4
DA:6,4
DA:10,4
DA:11,4
DA:12,4
LF:8
LH:8
BRF:0
BRH:0
end_of_record
TN:
SF:src\drizzle\migrate.ts
FN:11,migration
FN:21,(anonymous_2)
FNF:2
FNH:0
FNDA:0,migration
FNDA:0,(anonymous_2)
DA:1,0
DA:2,0
DA:4,0
DA:5,0
DA:6,0
DA:7,0
DA:9,0
DA:13,0
DA:14,0
DA:15,0
DA:16,0
DA:17,0
DA:21,0
DA:22,0
DA:23,0
LF:15
LH:0
BRF:0
BRH:0
end_of_record
TN:
SF:src\drizzle\reset.ts
FN:4,resetDatabase
FN:37,(anonymous_1)
FNF:2
FNH:0
FNDA:0,resetDatabase
FNDA:0,(anonymous_1)
DA:1,0
DA:2,0
DA:5,0
DA:7,0
DA:9,0
DA:17,0
DA:20,0
DA:24,0
DA:27,0
DA:28,0
DA:30,0
DA:33,0
DA:34,0
DA:37,0
DA:38,0
DA:39,0
LF:16
LH:0
BRF:0
BRH:0
end_of_record
TN:
SF:src\drizzle\schema.ts
FN:28,(anonymous_0)
FN:43,(anonymous_1)
FN:44,(anonymous_2)
FNF:3
FNH:0
FNDA:0,(anonymous_0)
FNDA:0,(anonymous_1)
FNDA:0,(anonymous_2)
DA:1,6
DA:5,6
DA:6,6
DA:9,6
DA:21,6
DA:28,0
DA:35,6
DA:43,0
DA:44,0
LF:9
LH:6
BRF:0
BRH:0
end_of_record
TN:
SF:src\drizzle\seed.ts
FN:14,seed
FN:53,(anonymous_1)
FNF:2
FNH:0
FNDA:0,seed
FNDA:0,(anonymous_1)
DA:1,0
DA:2,0
DA:4,0
DA:5,0
DA:8,0
DA:12,0
DA:15,0
DA:16,0
DA:19,0
DA:52,0
DA:53,0
DA:55,0
DA:57,0
DA:58,0
DA:62,0
LF:15
LH:0
BRF:0
BRH:0
end_of_record
TN:
SF:src\middlewares\bearAuth.ts
FN:16,(anonymous_1)
FN:26,(anonymous_2)
FN:40,(anonymous_3)
FN:41,(anonymous_4)
FNF:4
FNH:1
FNDA:0,(anonymous_1)
FNDA:0,(anonymous_2)
FNDA:10,(anonymous_3)
FNDA:0,(anonymous_4)
DA:1,2
DA:16,2
DA:17,0
DA:18,0
DA:19,0
DA:21,0
DA:26,2
DA:27,0
DA:29,0
DA:31,0
DA:33,0
DA:35,0
DA:40,2
DA:41,10
DA:42,0
DA:45,0
DA:46,0
DA:50,0
DA:51,0
DA:52,0
DA:56,0
DA:57,0
DA:58,0
DA:62,0
DA:63,0
DA:67,0
DA:68,0
DA:72,0
DA:73,0
DA:81,0
DA:83,0
DA:88,2
DA:89,2
DA:90,2
DA:93,2
DA:96,2
LF:36
LH:10
BRDA:18,0,0,0
BRDA:18,0,1,0
BRDA:27,1,0,0
BRDA:27,1,1,0
BRDA:27,1,2,0
BRDA:27,1,3,0
BRDA:29,2,0,0
BRDA:29,2,1,0
BRDA:45,3,0,0
BRDA:45,3,1,0
BRDA:45,4,0,0
BRDA:45,4,1,0
BRDA:51,5,0,0
BRDA:51,5,1,0
BRDA:57,6,0,0
BRDA:57,6,1,0
BRDA:62,7,0,0
BRDA:62,7,1,0
BRDA:62,8,0,0
BRDA:62,8,1,0
BRDA:67,9,0,0
BRDA:67,9,1,0
BRDA:72,10,0,0
BRDA:72,10,1,0
BRF:24
BRH:0
end_of_record
TN:
SF:src\middlewares\logger.ts
FN:3,(anonymous_0)
FN:51,(anonymous_1)
FN:55,(anonymous_2)
FN:59,(anonymous_3)
FN:63,(anonymous_4)
FN:67,(anonymous_5)
FNF:6
FNH:4
FNDA:15,(anonymous_0)
FNDA:0,(anonymous_1)
FNDA:2,(anonymous_2)
FNDA:3,(anonymous_3)
FNDA:3,(anonymous_4)
FNDA:0,(anonymous_5)
DA:3,2
DA:4,15
DA:5,15
DA:6,15
DA:7,15
DA:10,15
DA:12,15
DA:14,15
DA:17,15
DA:18,15
DA:19,15
DA:22,15
DA:23,15
DA:24,12
DA:25,3
DA:26,1
DA:30,15
DA:33,15
DA:34,13
DA:38,0
DA:39,0
DA:41,0
DA:42,0
DA:45,0
DA:50,2
DA:52,0
DA:56,2
DA:60,3
DA:64,3
DA:68,0
DA:69,0
LF:31
LH:23
BRDA:23,0,0,12
BRDA:23,0,1,3
BRDA:23,1,0,15
BRDA:23,1,1,13
BRDA:25,2,0,1
BRDA:25,2,1,2
BRDA:33,3,0,13
BRDA:33,3,1,2
BRDA:34,4,0,13
BRDA:34,4,1,13
BRDA:42,5,0,0
BRDA:42,5,1,0
BRDA:52,6,0,0
BRDA:52,6,1,0
BRDA:56,7,0,2
BRDA:56,7,1,0
BRDA:60,8,0,3
BRDA:60,8,1,0
BRDA:64,9,0,3
BRDA:64,9,1,0
BRDA:68,10,0,0
BRDA:68,10,1,0
BRDA:69,11,0,0
BRDA:69,11,1,0
BRF:24
BRH:13
end_of_record
TN:
SF:src\middlewares\rateLimiter.ts
FN:28,(anonymous_0)
FN:30,(anonymous_1)
FN:38,(anonymous_2)
FN:58,(anonymous_3)
FN:61,(anonymous_4)
FN:124,(anonymous_5)
FNF:6
FNH:3
FNDA:0,(anonymous_0)
FNDA:0,(anonymous_1)
FNDA:15,(anonymous_2)
FNDA:6,(anonymous_3)
FNDA:15,(anonymous_4)
FNDA:0,(anonymous_5)
DA:11,2
DA:25,2
DA:28,2
DA:29,0
DA:30,0
DA:31,0
DA:32,0
DA:38,2
DA:40,15
DA:41,15
DA:42,0
DA:46,15
DA:47,15
DA:48,0
DA:52,15
DA:58,2
DA:59,6
DA:61,6
DA:62,15
DA:63,15
DA:66,15
DA:67,2
DA:73,15
DA:76,15
DA:77,0
DA:78,0
DA:82,15
DA:83,7
DA:85,7
DA:93,8
DA:96,8
DA:97,8
DA:98,8
DA:100,8
DA:105,2
DA:111,2
DA:117,2
DA:124,2
DA:125,0
DA:126,0
DA:127,0
DA:134,0
DA:135,0
DA:136,0
DA:143,0
LF:45
LH:30
BRDA:31,0,0,0
BRDA:31,0,1,0
BRDA:41,1,0,0
BRDA:41,1,1,15
BRDA:47,2,0,0
BRDA:47,2,1,15
BRDA:52,3,0,15
BRDA:52,3,1,15
BRDA:52,3,2,15
BRDA:58,4,0,0
BRDA:66,5,0,2
BRDA:66,5,1,13
BRDA:76,6,0,0
BRDA:76,6,1,15
BRDA:82,7,0,7
BRDA:82,7,1,8
BRDA:126,8,0,0
BRDA:126,8,1,0
BRDA:135,9,0,0
BRDA:135,9,1,0
BRF:20
BRH:10
end_of_record
TN:
SF:src\task\task.controllers.ts
FN:13,(anonymous_0)
FN:20,(anonymous_1)
FN:29,(anonymous_2)
FN:42,(anonymous_3)
FN:53,(anonymous_4)
FN:61,(anonymous_5)
FN:69,(anonymous_6)
FN:77,(anonymous_7)
FN:85,(anonymous_8)
FN:94,(anonymous_9)
FN:101,(anonymous_10)
FN:108,(anonymous_11)
FN:115,(anonymous_12)
FNF:13
FNH:0
FNDA:0,(anonymous_0)
FNDA:0,(anonymous_1)
FNDA:0,(anonymous_2)
FNDA:0,(anonymous_3)
FNDA:0,(anonymous_4)
FNDA:0,(anonymous_5)
FNDA:0,(anonymous_6)
FNDA:0,(anonymous_7)
FNDA:0,(anonymous_8)
FNDA:0,(anonymous_9)
FNDA:0,(anonymous_10)
FNDA:0,(anonymous_11)
FNDA:0,(anonymous_12)
DA:1,2
DA:7,2
DA:9,2
DA:11,2
DA:14,0
DA:15,0
DA:16,0
DA:21,0
DA:22,0
DA:23,0
DA:24,0
DA:25,0
DA:30,0
DA:31,0
DA:32,0
DA:37,0
DA:38,0
DA:43,0
DA:44,0
DA:45,0
DA:46,0
DA:47,0
DA:48,0
DA:49,0
DA:54,0
DA:55,0
DA:56,0
DA:57,0
DA:62,0
DA:63,0
DA:64,0
DA:65,0
DA:70,0
DA:71,0
DA:72,0
DA:73,0
DA:78,0
DA:79,0
DA:80,0
DA:81,0
DA:86,0
DA:87,0
DA:88,0
DA:89,0
DA:90,0
DA:95,0
DA:96,0
DA:97,0
DA:102,0
DA:103,0
DA:104,0
DA:109,0
DA:110,0
DA:111,0
DA:116,0
DA:117,0
DA:118,0
LF:57
LH:4
BRDA:24,0,0,0
BRDA:24,0,1,0
BRDA:47,1,0,0
BRDA:47,1,1,0
BRF:4
BRH:0
end_of_record
TN:
SF:src\task\task.routers.ts
FN:11,(anonymous_0)
FN:12,(anonymous_1)
FN:13,(anonymous_2)
FN:14,(anonymous_3)
FN:15,(anonymous_4)
FN:21,(anonymous_5)
FN:23,(anonymous_6)
FN:24,(anonymous_7)
FN:28,(anonymous_8)
FN:29,(anonymous_9)
FN:30,(anonymous_10)
FN:31,(anonymous_11)
FN:32,(anonymous_12)
FNF:13
FNH:0
FNDA:0,(anonymous_0)
FNDA:0,(anonymous_1)
FNDA:0,(anonymous_2)
FNDA:0,(anonymous_3)
FNDA:0,(anonymous_4)
FNDA:0,(anonymous_5)
FNDA:0,(anonymous_6)
FNDA:0,(anonymous_7)
FNDA:0,(anonymous_8)
FNDA:0,(anonymous_9)
FNDA:0,(anonymous_10)
FNDA:0,(anonymous_11)
FNDA:0,(anonymous_12)
DA:1,2
DA:2,2
DA:3,2
DA:5,2
DA:6,2
DA:11,2
DA:12,2
DA:13,2
DA:14,2
DA:15,2
DA:21,2
DA:23,2
DA:24,2
DA:28,2
DA:29,2
DA:30,2
DA:31,2
DA:32,2
DA:34,2
LF:19
LH:19
BRF:0
BRH:0
end_of_record
TN:
SF:src\task\task.services.ts
FN:6,(anonymous_1)
FN:11,(anonymous_2)
FN:17,(anonymous_3)
FN:23,(anonymous_4)
FN:30,(anonymous_5)
FN:36,(anonymous_6)
FN:42,(anonymous_7)
FN:48,(anonymous_8)
FN:54,(anonymous_9)
FN:61,(anonymous_10)
FN:67,(anonymous_11)
FN:73,(anonymous_12)
FN:83,(anonymous_13)
FNF:13
FNH:13
FNDA:1,(anonymous_1)
FNDA:2,(anonymous_2)
FNDA:2,(anonymous_3)
FNDA:1,(anonymous_4)
FNDA:1,(anonymous_5)
FNDA:2,(anonymous_6)
FNDA:2,(anonymous_7)
FNDA:2,(anonymous_8)
FNDA:2,(anonymous_9)
FNDA:2,(anonymous_10)
FNDA:2,(anonymous_11)
FNDA:2,(anonymous_12)
FNDA:2,(anonymous_13)
DA:1,3
DA:2,3
DA:3,3
DA:5,3
DA:7,1
DA:8,1
DA:12,2
DA:18,2
DA:24,1
DA:27,1
DA:31,1
DA:33,1
DA:37,2
DA:43,2
DA:49,2
DA:55,2
DA:58,2
DA:62,2
DA:68,2
DA:74,2
DA:75,2
DA:76,2
DA:78,2
DA:84,2
DA:86,2
LF:25
LH:25
BRF:0
BRH:0
end_of_record
TN:
SF:src\validators\task.validator.ts
FNF:0
FNH:0
DA:1,2
DA:3,2
DA:12,2
DA:22,2
DA:26,2
LF:5
LH:5
BRF:0
BRH:0
end_of_record
TN:
SF:src\validators\user.validator.ts
FNF:0
FNH:0
DA:1,2
DA:3,2
DA:10,2
LF:3
LH:3
BRF:0
BRH:0
end_of_record
